"../../../Engine/Plugins/Interchange/Runtime/Content/Pipelines/DefaultTexturePipeline.uasset" 0
"../../../Engine/Plugins/Interchange/Runtime/Content/Pipelines/DefaultTexturePipeline.uexp" 1
"../../../Engine/Plugins/Interchange/Runtime/Content/Pipelines/DefaultSceneLevelPipeline.uasset" 2
"../../../Engine/Plugins/Interchange/Runtime/Content/Pipelines/DefaultSceneLevelPipeline.uexp" 3
"../../../Engine/Plugins/Interchange/Runtime/Content/Pipelines/DefaultSceneAssetsPipeline.uasset" 4
"../../../Engine/Plugins/Interchange/Runtime/Content/Pipelines/DefaultSceneAssetsPipeline.uexp" 5
"../../../Engine/Plugins/Interchange/Runtime/Content/Pipelines/DefaultMaterialXPipeline.uasset" 6
"../../../Engine/Plugins/Interchange/Runtime/Content/Pipelines/DefaultMaterialXPipeline.uexp" 7
"../../../Engine/Plugins/Interchange/Runtime/Content/Pipelines/DefaultMaterialPipeline.uasset" 8
"../../../Engine/Plugins/Interchange/Runtime/Content/Pipelines/DefaultMaterialPipeline.uexp" 9
"../../../Engine/Plugins/Interchange/Runtime/Content/Pipelines/DefaultGLTFSceneAssetsPipeline.uasset" 10
"../../../Engine/Plugins/Interchange/Runtime/Content/Pipelines/DefaultGLTFSceneAssetsPipeline.uexp" 11
"../../../Engine/Plugins/Interchange/Runtime/Content/Pipelines/DefaultGLTFPipeline.uasset" 12
"../../../Engine/Plugins/Interchange/Runtime/Content/Pipelines/DefaultGLTFPipeline.uexp" 13
"../../../Engine/Plugins/Interchange/Runtime/Content/Pipelines/DefaultGLTFAssetsPipeline.uasset" 14
"../../../Engine/Plugins/Interchange/Runtime/Content/Pipelines/DefaultGLTFAssetsPipeline.uexp" 15
"../../../Engine/Plugins/Interchange/Runtime/Content/Pipelines/DefaultAssetsPipeline.uasset" 16
"../../../Engine/Plugins/Interchange/Runtime/Content/Pipelines/DefaultAssetsPipeline.uexp" 17
"../../../Engine/Plugins/Animation/ControlRig/Content/Controls/DefaultGizmoLibraryNormalized.uasset" 18
"../../../Engine/Plugins/Animation/ControlRig/Content/Controls/DefaultGizmoLibraryNormalized.uexp" 19
"../../../Engine/Plugins/Animation/ACLPlugin/Content/ACLAnimCurveCompressionSettings.uasset" 20
"../../../Engine/Plugins/Animation/ACLPlugin/Content/ACLAnimCurveCompressionSettings.uexp" 21
"../../../Engine/Plugins/Animation/ACLPlugin/Content/ACLAnimBoneCompressionSettings.uasset" 22
"../../../Engine/Plugins/Animation/ACLPlugin/Content/ACLAnimBoneCompressionSettings.uexp" 23
"../../../Engine/Plugins/2D/Paper2D/Content/PlaceholderTextures/DummySpriteTexture.ubulk" 24
"../../../Engine/Plugins/2D/Paper2D/Content/PlaceholderTextures/DummySpriteTexture.uasset" 25
"../../../Engine/Plugins/2D/Paper2D/Content/PlaceholderTextures/DummySpriteTexture.uexp" 26
"../../../Engine/Plugins/2D/Paper2D/Content/DummySprite.uasset" 27
"../../../Engine/Plugins/2D/Paper2D/Content/DummySprite.uexp" 28
"../../../Engine/Plugins/2D/Paper2D/Content/DefaultPaperTerrainMaterial.uasset" 29
"../../../Engine/Plugins/2D/Paper2D/Content/DefaultPaperTerrainMaterial.uexp" 30
"../../../Engine/Content/EngineSounds/Master.uasset" 31
"../../../Engine/Content/EngineSounds/Master.uexp" 32
"../../../Engine/Content/EngineMaterials/DefaultPhysicalMaterial.uasset" 33
"../../../Engine/Content/EngineMaterials/DefaultPhysicalMaterial.uexp" 34
"../../../Engine/Content/EngineMaterials/DefaultDestructiblePhysicalMaterial.uasset" 35
"../../../Engine/Content/EngineMaterials/DefaultDestructiblePhysicalMaterial.uexp" 36
"../../../Engine/Content/EngineFonts/Faces/RobotoLight.uexp" 37
"../../../Engine/Content/EngineFonts/Faces/RobotoLight.uasset" 38
"../../../Engine/Content/EngineFonts/Faces/RobotoLight.ufont" 39
"../../../Engine/Content/EngineFonts/Faces/RobotoBold.uexp" 40
"../../../Engine/Content/EngineFonts/Faces/RobotoBold.uasset" 41
"../../../Engine/Content/EngineFonts/Faces/RobotoBold.ufont" 42
"../../../Engine/Content/EngineFonts/Faces/RobotoRegular.uexp" 43
"../../../Engine/Content/EngineFonts/Faces/RobotoRegular.uasset" 44
"../../../Engine/Content/EngineFonts/Faces/RobotoRegular.ufont" 45
"../../../Engine/Content/EngineFonts/Faces/DroidSansFallback.uexp" 46
"../../../Engine/Content/EngineFonts/Faces/DroidSansFallback.uasset" 47
"../../../Engine/Content/EngineFonts/Faces/DroidSansFallback.ufont" 48
"../../../Engine/Content/EngineFonts/Faces/RobotoItalic.uexp" 49
"../../../Engine/Content/EngineFonts/Faces/RobotoItalic.uasset" 50
"../../../Engine/Content/EngineFonts/Faces/RobotoItalic.ufont" 51
"../../../Engine/Content/EngineFonts/Faces/RobotoBoldItalic.uexp" 52
"../../../Engine/Content/EngineFonts/Faces/RobotoBoldItalic.uasset" 53
"../../../Engine/Content/EngineFonts/Faces/RobotoBoldItalic.ufont" 54
"../../../Engine/Content/EngineFonts/Roboto.uasset" 55
"../../../Engine/Content/EngineFonts/Roboto.uexp" 56
"../../../Engine/Content/Animation/DefaultVariableFrameStrippingSettings.uasset" 57
"../../../Engine/Content/Animation/DefaultVariableFrameStrippingSettings.uexp" 58
"../../../Engine/Content/Animation/DefaultRecorderBoneCompression.uasset" 59
"../../../Engine/Content/Animation/DefaultRecorderBoneCompression.uexp" 60
"../../../Engine/Content/MobileResources/HUD/VirtualJoystick_Background.uasset" 61
"../../../Engine/Content/MobileResources/HUD/VirtualJoystick_Background.uexp" 62
"../../../Engine/Content/MobileResources/HUD/VirtualJoystick_Thumb.uasset" 63
"../../../Engine/Content/MobileResources/HUD/VirtualJoystick_Thumb.uexp" 64
"../../../Engine/Content/MobileResources/HUD/DefaultVirtualJoysticks.uasset" 65
"../../../Engine/Content/MobileResources/HUD/DefaultVirtualJoysticks.uexp" 66
"../../../Engine/Content/EditorResources/S_Actor.ubulk" 67
"../../../Engine/Content/EditorResources/S_Actor.uasset" 68
"../../../Engine/Content/EditorResources/S_Actor.uexp" 69
"../../../Engine/Content/EditorResources/S_BoxReflectionCapture.uasset" 70
"../../../Engine/Content/EditorResources/S_BoxReflectionCapture.uexp" 71
"../../../Engine/Content/EngineResources/DefaultTexture.ubulk" 72
"../../../Engine/Content/EngineResources/DefaultTexture.uasset" 73
"../../../Engine/Content/EngineResources/DefaultTexture.uexp" 74
"../../../Engine/Content/EngineResources/DefaultTextureCube.uasset" 75
"../../../Engine/Content/EngineResources/DefaultTextureCube.uexp" 76
"../../../Engine/Content/EngineResources/DefaultVolumeTexture2D.uasset" 77
"../../../Engine/Content/EngineResources/DefaultVolumeTexture2D.uexp" 78
"../../../Engine/Content/EngineResources/DefaultVolumeTexture.uasset" 79
"../../../Engine/Content/EngineResources/DefaultVolumeTexture.uexp" 80
"../../../Engine/Content/EditorResources/S_Trigger.ubulk" 81
"../../../Engine/Content/EditorResources/S_Trigger.uasset" 82
"../../../Engine/Content/EditorResources/S_Trigger.uexp" 83
"../../../Engine/Content/EditorResources/S_TriggerBox.uasset" 84
"../../../Engine/Content/EditorResources/S_TriggerBox.uexp" 85
"../../../Engine/Content/EditorResources/S_TriggerCapsule.uasset" 86
"../../../Engine/Content/EditorResources/S_TriggerCapsule.uexp" 87
"../../../Engine/Content/EditorResources/S_TriggerSphere.uasset" 88
"../../../Engine/Content/EditorResources/S_TriggerSphere.uexp" 89
"../../../Engine/Content/EngineMeshes/Sphere.ubulk" 90
"../../../Engine/Content/EngineMeshes/Sphere.uasset" 91
"../../../Engine/Content/EngineMeshes/Sphere.uexp" 92
"../../../Engine/Plugins/Runtime/MeshModelingToolset/Content/Materials/M_DynamicMeshComponentVtxColor.uasset" 93
"../../../Engine/Plugins/Runtime/MeshModelingToolset/Content/Materials/M_DynamicMeshComponentVtxColor.uexp" 94
"../../../Engine/Plugins/Runtime/HairStrands/Content/Materials/HairMeshesDefaultMaterial.uasset" 95
"../../../Engine/Plugins/Runtime/HairStrands/Content/Materials/HairMeshesDefaultMaterial.uexp" 96
"../../../Engine/Plugins/Runtime/HairStrands/Content/Materials/HairDefaultMaterial.uasset" 97
"../../../Engine/Plugins/Runtime/HairStrands/Content/Materials/HairDefaultMaterial.uexp" 98
"../../../Engine/Plugins/Runtime/HairStrands/Content/Materials/HairGroupColors.uasset" 99
"../../../Engine/Plugins/Runtime/HairStrands/Content/Materials/HairGroupColors.uexp" 100
"../../../Engine/Content/Functions/Engine_MaterialFunctions02/Utility/MakeFloat2.uasset" 101
"../../../Engine/Content/Functions/Engine_MaterialFunctions02/Utility/MakeFloat2.uexp" 102
"../../../Engine/Content/Functions/Engine_MaterialFunctions02/Utility/MakeFloat3.uasset" 103
"../../../Engine/Content/Functions/Engine_MaterialFunctions02/Utility/MakeFloat3.uexp" 104
"../../../Engine/Content/EngineMaterials/HairColorMap.uasset" 105
"../../../Engine/Content/EngineMaterials/HairColorMap.uexp" 106
"../../../Engine/Content/EngineMaterials/HairDebugColor.uasset" 107
"../../../Engine/Content/EngineMaterials/HairDebugColor.uexp" 108
"../../../Engine/Plugins/Runtime/HairStrands/Content/Materials/HairDebugMaterial.uasset" 109
"../../../Engine/Plugins/Runtime/HairStrands/Content/Materials/HairDebugMaterial.uexp" 110
"../../../Engine/Plugins/Runtime/HairStrands/Content/Materials/HairCardsDefaultMaterial.uasset" 111
"../../../Engine/Plugins/Runtime/HairStrands/Content/Materials/HairCardsDefaultMaterial.uexp" 112
"../../../Engine/Plugins/Runtime/AudioWidgets/Content/Resources/ScrubHandleDown_Clamped.uasset" 113
"../../../Engine/Plugins/Runtime/AudioWidgets/Content/Resources/ScrubHandleDown_Clamped.uexp" 114
"../../../Engine/Content/Functions/Engine_MaterialFunctions02/Texturing/CustomRotator.uasset" 115
"../../../Engine/Content/Functions/Engine_MaterialFunctions02/Texturing/CustomRotator.uexp" 116
"../../../Engine/Content/Functions/Engine_MaterialFunctions02/Utility/BreakOutFloat2Components.uasset" 117
"../../../Engine/Content/Functions/Engine_MaterialFunctions02/Utility/BreakOutFloat2Components.uexp" 118
"../../../Engine/Content/Functions/Engine_MaterialFunctions01/Texturing/ScaleUVsByCenter.uasset" 119
"../../../Engine/Content/Functions/Engine_MaterialFunctions01/Texturing/ScaleUVsByCenter.uexp" 120
"../../../Engine/Plugins/Runtime/AudioWidgets/Content/AudioMaterialSlate/Functions/MF_SingleLine_Smooth.uasset" 121
"../../../Engine/Plugins/Runtime/AudioWidgets/Content/AudioMaterialSlate/Functions/MF_SingleLine_Smooth.uexp" 122
"../../../Engine/Plugins/Runtime/AudioWidgets/Content/AudioMaterialSlate/Functions/MF_AngleGradient.uasset" 123
"../../../Engine/Plugins/Runtime/AudioWidgets/Content/AudioMaterialSlate/Functions/MF_AngleGradient.uexp" 124
"../../../Engine/Plugins/Runtime/AudioWidgets/Content/AudioMaterialSlate/Functions/MF_SingleLine.uasset" 125
"../../../Engine/Plugins/Runtime/AudioWidgets/Content/AudioMaterialSlate/Functions/MF_SingleLine.uexp" 126
"../../../Engine/Content/Functions/Engine_MaterialFunctions01/Gradient/SphereGradient-2D.uasset" 127
"../../../Engine/Content/Functions/Engine_MaterialFunctions01/Gradient/SphereGradient-2D.uexp" 128
"../../../Engine/Plugins/Runtime/AudioWidgets/Content/AudioMaterialSlate/M_AudioMaterialToggleButton.uasset" 129
"../../../Engine/Plugins/Runtime/AudioWidgets/Content/AudioMaterialSlate/M_AudioMaterialToggleButton.uexp" 130
"../../../Engine/Plugins/Runtime/AudioWidgets/Content/AudioMaterialSlate/MI_AudioMaterialToggleButton.uasset" 131
"../../../Engine/Plugins/Runtime/AudioWidgets/Content/AudioMaterialSlate/MI_AudioMaterialToggleButton.uexp" 132
"../../../Engine/Content/Functions/Engine_MaterialFunctions02/Utility/VectorLength.uasset" 133
"../../../Engine/Content/Functions/Engine_MaterialFunctions02/Utility/VectorLength.uexp" 134
"../../../Engine/Content/Functions/Engine_MaterialFunctions01/Gradient/GeneratedRoundRect.uasset" 135
"../../../Engine/Content/Functions/Engine_MaterialFunctions01/Gradient/GeneratedRoundRect.uexp" 136
"../../../Engine/Plugins/Runtime/AudioWidgets/Content/AudioMaterialSlate/M_AudioMaterialRoundedSlider.uasset" 137
"../../../Engine/Plugins/Runtime/AudioWidgets/Content/AudioMaterialSlate/M_AudioMaterialRoundedSlider.uexp" 138
"../../../Engine/Plugins/Runtime/AudioWidgets/Content/AudioMaterialSlate/MI_AudioMaterialRoundedSlider.uasset" 139
"../../../Engine/Plugins/Runtime/AudioWidgets/Content/AudioMaterialSlate/MI_AudioMaterialRoundedSlider.uexp" 140
"../../../Engine/Plugins/Runtime/AudioWidgets/Content/AudioMaterialSlate/Functions/MF_Lines.uasset" 141
"../../../Engine/Plugins/Runtime/AudioWidgets/Content/AudioMaterialSlate/Functions/MF_Lines.uexp" 142
"../../../Engine/Content/Functions/Engine_MaterialFunctions02/Lerp_3Color.uasset" 143
"../../../Engine/Content/Functions/Engine_MaterialFunctions02/Lerp_3Color.uexp" 144
"../../../Engine/Plugins/Runtime/AudioWidgets/Content/AudioMaterialSlate/M_AudioMaterialMeter.uasset" 145
"../../../Engine/Plugins/Runtime/AudioWidgets/Content/AudioMaterialSlate/M_AudioMaterialMeter.uexp" 146
"../../../Engine/Plugins/Runtime/AudioWidgets/Content/AudioMaterialSlate/MI_AudioMaterialMeter.uasset" 147
"../../../Engine/Plugins/Runtime/AudioWidgets/Content/AudioMaterialSlate/MI_AudioMaterialMeter.uexp" 148
"../../../Engine/Plugins/Runtime/AudioWidgets/Content/AudioMaterialSlate/M_AudioMaterialKnob.uasset" 149
"../../../Engine/Plugins/Runtime/AudioWidgets/Content/AudioMaterialSlate/M_AudioMaterialKnob.uexp" 150
"../../../Engine/Plugins/Runtime/AudioWidgets/Content/AudioMaterialSlate/MI_AudioMaterialKnob.uasset" 151
"../../../Engine/Plugins/Runtime/AudioWidgets/Content/AudioMaterialSlate/MI_AudioMaterialKnob.uexp" 152
"../../../Engine/Plugins/Runtime/AudioWidgets/Content/AudioMaterialSlate/Functions/MF_DotOutlined.uasset" 153
"../../../Engine/Plugins/Runtime/AudioWidgets/Content/AudioMaterialSlate/Functions/MF_DotOutlined.uexp" 154
"../../../Engine/Plugins/Runtime/AudioWidgets/Content/AudioMaterialSlate/M_AudioMaterialEnvelope_ADSR.uasset" 155
"../../../Engine/Plugins/Runtime/AudioWidgets/Content/AudioMaterialSlate/M_AudioMaterialEnvelope_ADSR.uexp" 156
"../../../Engine/Plugins/Runtime/AudioWidgets/Content/AudioMaterialSlate/MI_AudioMaterialEnvelope_ADSR.uasset" 157
"../../../Engine/Plugins/Runtime/AudioWidgets/Content/AudioMaterialSlate/MI_AudioMaterialEnvelope_ADSR.uexp" 158
"../../../Engine/Plugins/NNE/NNEDenoiser/Content/NNEDTOM_Output_Default.uasset" 159
"../../../Engine/Plugins/NNE/NNEDenoiser/Content/NNEDTOM_Output_Default.uexp" 160
"../../../Engine/Plugins/NNE/NNEDenoiser/Content/NNEDTOM_Output_Alpha.uasset" 161
"../../../Engine/Plugins/NNE/NNEDenoiser/Content/NNEDTOM_Output_Alpha.uexp" 162
"../../../Engine/Plugins/NNE/NNEDenoiser/Content/NNEDTIM_ColorAlbedoNormal_Default.uasset" 163
"../../../Engine/Plugins/NNE/NNEDenoiser/Content/NNEDTIM_ColorAlbedoNormal_Default.uexp" 164
"../../../Engine/Plugins/NNE/NNEDenoiser/Content/NNEDTIM_ColorAlbedoNormal_Alpha.uasset" 165
"../../../Engine/Plugins/NNE/NNEDenoiser/Content/NNEDTIM_ColorAlbedoNormal_Alpha.uexp" 166
"../../../Engine/Plugins/NNE/NNEDenoiser/Content/NNEDOM_Output_Default.uasset" 167
"../../../Engine/Plugins/NNE/NNEDenoiser/Content/NNEDOM_Output_Default.uexp" 168
"../../../Engine/Plugins/NNE/NNEDenoiser/Content/NNEDOM_Output_Alpha.uasset" 169
"../../../Engine/Plugins/NNE/NNEDenoiser/Content/NNEDOM_Output_Alpha.uexp" 170
"../../../Engine/Plugins/NNE/NNEDenoiser/Content/NNEDIM_HighQuality_Default.uasset" 171
"../../../Engine/Plugins/NNE/NNEDenoiser/Content/NNEDIM_HighQuality_Default.uexp" 172
"../../../Engine/Plugins/NNE/NNEDenoiser/Content/NNEDIM_HighQuality_Alpha.uasset" 173
"../../../Engine/Plugins/NNE/NNEDenoiser/Content/NNEDIM_HighQuality_Alpha.uexp" 174
"../../../Engine/Plugins/NNE/NNEDenoiser/Content/NNEDIM_ColorAlbedoNormal_Default.uasset" 175
"../../../Engine/Plugins/NNE/NNEDenoiser/Content/NNEDIM_ColorAlbedoNormal_Default.uexp" 176
"../../../Engine/Plugins/NNE/NNEDenoiser/Content/NNEDIM_ColorAlbedoNormal_Alpha.uasset" 177
"../../../Engine/Plugins/NNE/NNEDenoiser/Content/NNEDIM_ColorAlbedoNormal_Alpha.uexp" 178
"../../../Engine/Content/EngineMaterials/T_Default_Material_Grid_M.ubulk" 179
"../../../Engine/Content/EngineMaterials/T_Default_Material_Grid_M.uasset" 180
"../../../Engine/Content/EngineMaterials/T_Default_Material_Grid_M.uexp" 181
"../../../Engine/Content/EngineMaterials/T_Default_Material_Grid_N.ubulk" 182
"../../../Engine/Content/EngineMaterials/T_Default_Material_Grid_N.uasset" 183
"../../../Engine/Content/EngineMaterials/T_Default_Material_Grid_N.uexp" 184
"../../../Engine/Content/Functions/Engine_MaterialFunctions01/Opacity/CameraDepthFade.uasset" 185
"../../../Engine/Content/Functions/Engine_MaterialFunctions01/Opacity/CameraDepthFade.uexp" 186
"../../../Engine/Content/EngineMaterials/WorldGridMaterial.uasset" 187
"../../../Engine/Content/EngineMaterials/WorldGridMaterial.uexp" 188
"../../../Engine/Plugins/Media/MediaPlate/Content/SM_MediaPlateScreen.ubulk" 189
"../../../Engine/Plugins/Media/MediaPlate/Content/SM_MediaPlateScreen.uasset" 190
"../../../Engine/Plugins/Media/MediaPlate/Content/SM_MediaPlateScreen.uexp" 191
"../../../Engine/Plugins/Interchange/Assets/Content/Functions/MX_UsdPreviewSurface.uasset" 192
"../../../Engine/Plugins/Interchange/Assets/Content/Functions/MX_UsdPreviewSurface.uexp" 193
"../../../Engine/Plugins/Interchange/Assets/Content/Functions/MX_UniformEDF.uasset" 194
"../../../Engine/Plugins/Interchange/Assets/Content/Functions/MX_UniformEDF.uexp" 195
"../../../Engine/Plugins/Interchange/Assets/Content/Functions/MX_TranslucentBSDF.uasset" 196
"../../../Engine/Plugins/Interchange/Assets/Content/Functions/MX_TranslucentBSDF.uexp" 197
"../../../Engine/Plugins/Interchange/Assets/Content/Functions/MX_ThinFilmBSDF.uasset" 198
"../../../Engine/Plugins/Interchange/Assets/Content/Functions/MX_ThinFilmBSDF.uexp" 199
"../../../Engine/Plugins/Interchange/Assets/Content/Functions/MX_SurfaceUnlit.uasset" 200
"../../../Engine/Plugins/Interchange/Assets/Content/Functions/MX_SurfaceUnlit.uexp" 201
"../../../Engine/Plugins/Interchange/Assets/Content/Functions/MX_Surface.uasset" 202
"../../../Engine/Plugins/Interchange/Assets/Content/Functions/MX_Surface.uexp" 203
"../../../Engine/Plugins/Interchange/Assets/Content/Functions/MX_SubsurfaceBSDF.uasset" 204
"../../../Engine/Plugins/Interchange/Assets/Content/Functions/MX_SubsurfaceBSDF.uexp" 205
"../../../Engine/Plugins/Interchange/Assets/Content/Functions/MX_SheenBSDF.uasset" 206
"../../../Engine/Plugins/Interchange/Assets/Content/Functions/MX_SheenBSDF.uexp" 207
"../../../Engine/Plugins/Interchange/Assets/Content/Functions/MX_OrenNayarBSDF.uasset" 208
"../../../Engine/Plugins/Interchange/Assets/Content/Functions/MX_OrenNayarBSDF.uexp" 209
"../../../Engine/Plugins/Interchange/Assets/Content/Utilities/New_LUT.uasset" 210
"../../../Engine/Plugins/Interchange/Assets/Content/Utilities/New_LUT.uexp" 211
"../../../Engine/Content/Functions/Engine_MaterialFunctions03/Math/RemapValueRange.uasset" 212
"../../../Engine/Content/Functions/Engine_MaterialFunctions03/Math/RemapValueRange.uexp" 213
"../../../Engine/Plugins/Interchange/Assets/Content/Functions/MF_Iridescence.uasset" 214
"../../../Engine/Plugins/Interchange/Assets/Content/Functions/MF_Iridescence.uexp" 215
"../../../Engine/Plugins/Interchange/Assets/Content/Functions/MX_StandardSurface.uasset" 216
"../../../Engine/Plugins/Interchange/Assets/Content/Functions/MX_StandardSurface.uexp" 217
"../../../Engine/Plugins/Interchange/Assets/Content/Functions/MX_TransmissionSurface.uasset" 218
"../../../Engine/Plugins/Interchange/Assets/Content/Functions/MX_TransmissionSurface.uexp" 219
"../../../Engine/Plugins/Interchange/Assets/Content/Functions/MX_OpenPBR_Translucent.uasset" 220
"../../../Engine/Plugins/Interchange/Assets/Content/Functions/MX_OpenPBR_Translucent.uexp" 221
"../../../Engine/Plugins/Interchange/Assets/Content/Functions/MX_OpenPBR_Opaque.uasset" 222
"../../../Engine/Plugins/Interchange/Assets/Content/Functions/MX_OpenPBR_Opaque.uexp" 223
"../../../Engine/Plugins/Interchange/Assets/Content/Functions/MX_MeasuredEDF.uasset" 224
"../../../Engine/Plugins/Interchange/Assets/Content/Functions/MX_MeasuredEDF.uexp" 225
"../../../Engine/Plugins/Interchange/Assets/Content/Functions/MX_GeneralizedSchlickBSDF.uasset" 226
"../../../Engine/Plugins/Interchange/Assets/Content/Functions/MX_GeneralizedSchlickBSDF.uexp" 227
"../../../Engine/Plugins/Interchange/Assets/Content/Functions/MX_DielectricBSDF.uasset" 228
"../../../Engine/Plugins/Interchange/Assets/Content/Functions/MX_DielectricBSDF.uexp" 229
"../../../Engine/Plugins/Interchange/Assets/Content/Functions/MX_ConicalEDF.uasset" 230
"../../../Engine/Plugins/Interchange/Assets/Content/Functions/MX_ConicalEDF.uexp" 231
"../../../Engine/Plugins/Interchange/Assets/Content/Functions/MX_ConductorBSDF.uasset" 232
"../../../Engine/Plugins/Interchange/Assets/Content/Functions/MX_ConductorBSDF.uexp" 233
"../../../Engine/Plugins/Interchange/Assets/Content/Functions/MX_BurleyDiffuseBSDF.uasset" 234
"../../../Engine/Plugins/Interchange/Assets/Content/Functions/MX_BurleyDiffuseBSDF.uexp" 235
"../../../Engine/Plugins/Interchange/Assets/Content/Functions/MX_AnisotropicVDF.uasset" 236
"../../../Engine/Plugins/Interchange/Assets/Content/Functions/MX_AnisotropicVDF.uexp" 237
"../../../Engine/Plugins/Interchange/Assets/Content/Functions/MX_AbsorptionVDF.uasset" 238
"../../../Engine/Plugins/Interchange/Assets/Content/Functions/MX_AbsorptionVDF.uexp" 239
"../../../Engine/Plugins/Editor/SpeedTreeImporter/Content/SpeedTree9/game_wind_noise.ubulk" 240
"../../../Engine/Plugins/Editor/SpeedTreeImporter/Content/SpeedTree9/game_wind_noise.uasset" 241
"../../../Engine/Plugins/Editor/SpeedTreeImporter/Content/SpeedTree9/game_wind_noise.uexp" 242
"../../../Engine/Plugins/Editor/SpeedTreeImporter/Content/SpeedTree9/UnpackDirection.uasset" 243
"../../../Engine/Plugins/Editor/SpeedTreeImporter/Content/SpeedTree9/UnpackDirection.uexp" 244
"../../../Engine/Content/Functions/Engine_MaterialFunctions02/ObjectLocalBounds.uasset" 245
"../../../Engine/Content/Functions/Engine_MaterialFunctions02/ObjectLocalBounds.uexp" 246
"../../../Engine/Content/Functions/Engine_MaterialFunctions02/Utility/BreakOutFloat3Components.uasset" 247
"../../../Engine/Content/Functions/Engine_MaterialFunctions02/Utility/BreakOutFloat3Components.uexp" 248
"../../../Engine/Content/Functions/Engine_MaterialFunctions02/UVs/BoundingBoxBased_0-1_UVW.uasset" 249
"../../../Engine/Content/Functions/Engine_MaterialFunctions02/UVs/BoundingBoxBased_0-1_UVW.uexp" 250
"../../../Engine/Plugins/Editor/SpeedTreeImporter/Content/SpeedTree9/UnpackInteger3.uasset" 251
"../../../Engine/Plugins/Editor/SpeedTreeImporter/Content/SpeedTree9/UnpackInteger3.uexp" 252
"../../../Engine/Plugins/Editor/SpeedTreeImporter/Content/SpeedTree9/SpeedTreeCameraFacing.uasset" 253
"../../../Engine/Plugins/Editor/SpeedTreeImporter/Content/SpeedTree9/SpeedTreeCameraFacing.uexp" 254
"../../../Engine/Content/Functions/Engine_MaterialFunctions02/WorldPositionOffset/ObjectScale.uasset" 255
"../../../Engine/Content/Functions/Engine_MaterialFunctions02/WorldPositionOffset/ObjectScale.uexp" 256
"../../../Engine/Content/Functions/Engine_MaterialFunctions02/SafeNormalize.uasset" 257
"../../../Engine/Content/Functions/Engine_MaterialFunctions02/SafeNormalize.uexp" 258
"../../../Engine/Plugins/Editor/SpeedTreeImporter/Content/SpeedTree9/SpeedTreeWindMotion.uasset" 259
"../../../Engine/Plugins/Editor/SpeedTreeImporter/Content/SpeedTree9/SpeedTreeWindMotion.uexp" 260
"../../../Engine/Plugins/Editor/SpeedTreeImporter/Content/SpeedTree9/SpeedTreeBranchMotion.uasset" 261
"../../../Engine/Plugins/Editor/SpeedTreeImporter/Content/SpeedTree9/SpeedTreeBranchMotion.uexp" 262
"../../../Engine/Plugins/Editor/SpeedTreeImporter/Content/SpeedTree9/SpeedTreeWind.uasset" 263
"../../../Engine/Plugins/Editor/SpeedTreeImporter/Content/SpeedTree9/SpeedTreeWind.uexp" 264
"../../../Engine/Plugins/Editor/SpeedTreeImporter/Content/SpeedTree9/EmptyNormal.uasset" 265
"../../../Engine/Plugins/Editor/SpeedTreeImporter/Content/SpeedTree9/EmptyNormal.uexp" 266
"../../../Engine/Plugins/Editor/SpeedTreeImporter/Content/SpeedTree9/Empty.uasset" 267
"../../../Engine/Plugins/Editor/SpeedTreeImporter/Content/SpeedTree9/Empty.uexp" 268
"../../../Engine/Plugins/Editor/SpeedTreeImporter/Content/SpeedTree9/SpeedTreeMaster.uasset" 269
"../../../Engine/Plugins/Editor/SpeedTreeImporter/Content/SpeedTree9/SpeedTreeMaster.uexp" 270
"../../../Engine/Plugins/Editor/SpeedTreeImporter/Content/SpeedTree9/SpeedTreeBillboard.uasset" 271
"../../../Engine/Plugins/Editor/SpeedTreeImporter/Content/SpeedTree9/SpeedTreeBillboard.uexp" 272
"../../../Engine/Plugins/Editor/SpeedTreeImporter/Content/SpeedTree9/SpeedTreeBillboardMaster.uasset" 273
"../../../Engine/Plugins/Editor/SpeedTreeImporter/Content/SpeedTree9/SpeedTreeBillboardMaster.uexp" 274
"../../../Engine/Content/Functions/Engine_MaterialFunctions02/WorldPositionOffset/CameraOffset.uasset" 275
"../../../Engine/Content/Functions/Engine_MaterialFunctions02/WorldPositionOffset/CameraOffset.uexp" 276
"../../../Engine/Plugins/Animation/ControlRig/Content/M_Manip.uasset" 277
"../../../Engine/Plugins/Animation/ControlRig/Content/M_Manip.uexp" 278
"../../../Engine/Plugins/Animation/ControlRig/Content/Controls/ControlRig_Wedge_solid.ubulk" 279
"../../../Engine/Plugins/Animation/ControlRig/Content/Controls/ControlRig_Wedge_solid.uasset" 280
"../../../Engine/Plugins/Animation/ControlRig/Content/Controls/ControlRig_Wedge_solid.uexp" 281
"../../../Engine/Plugins/Animation/ControlRig/Content/Controls/ControlRig_Wedge_3mm.ubulk" 282
"../../../Engine/Plugins/Animation/ControlRig/Content/Controls/ControlRig_Wedge_3mm.uasset" 283
"../../../Engine/Plugins/Animation/ControlRig/Content/Controls/ControlRig_Wedge_3mm.uexp" 284
"../../../Engine/Plugins/Animation/ControlRig/Content/Controls/ControlRig_Wedge_1mm.ubulk" 285
"../../../Engine/Plugins/Animation/ControlRig/Content/Controls/ControlRig_Wedge_1mm.uasset" 286
"../../../Engine/Plugins/Animation/ControlRig/Content/Controls/ControlRig_Wedge_1mm.uexp" 287
"../../../Engine/Plugins/Animation/ControlRig/Content/Controls/ControlRig_Triangle_solid.ubulk" 288
"../../../Engine/Plugins/Animation/ControlRig/Content/Controls/ControlRig_Triangle_solid.uasset" 289
"../../../Engine/Plugins/Animation/ControlRig/Content/Controls/ControlRig_Triangle_solid.uexp" 290
"../../../Engine/Plugins/Animation/ControlRig/Content/Controls/ControlRig_Triangle_3mm.ubulk" 291
"../../../Engine/Plugins/Animation/ControlRig/Content/Controls/ControlRig_Triangle_3mm.uasset" 292
"../../../Engine/Plugins/Animation/ControlRig/Content/Controls/ControlRig_Triangle_3mm.uexp" 293
"../../../Engine/Plugins/Animation/ControlRig/Content/Controls/ControlRig_Triangle_1mm.ubulk" 294
"../../../Engine/Plugins/Animation/ControlRig/Content/Controls/ControlRig_Triangle_1mm.uasset" 295
"../../../Engine/Plugins/Animation/ControlRig/Content/Controls/ControlRig_Triangle_1mm.uexp" 296
"../../../Engine/Plugins/Animation/ControlRig/Content/Controls/ControlRig_Star4_solid.ubulk" 297
"../../../Engine/Plugins/Animation/ControlRig/Content/Controls/ControlRig_Star4_solid.uasset" 298
"../../../Engine/Plugins/Animation/ControlRig/Content/Controls/ControlRig_Star4_solid.uexp" 299
"../../../Engine/Plugins/Animation/ControlRig/Content/Controls/ControlRig_Star4_3mm.ubulk" 300
"../../../Engine/Plugins/Animation/ControlRig/Content/Controls/ControlRig_Star4_3mm.uasset" 301
"../../../Engine/Plugins/Animation/ControlRig/Content/Controls/ControlRig_Star4_3mm.uexp" 302
"../../../Engine/Plugins/Animation/ControlRig/Content/Controls/ControlRig_Star4_1mm.ubulk" 303
"../../../Engine/Plugins/Animation/ControlRig/Content/Controls/ControlRig_Star4_1mm.uasset" 304
"../../../Engine/Plugins/Animation/ControlRig/Content/Controls/ControlRig_Star4_1mm.uexp" 305
"../../../Engine/Plugins/Animation/ControlRig/Content/Controls/ControlRig_Square_solid.ubulk" 306
"../../../Engine/Plugins/Animation/ControlRig/Content/Controls/ControlRig_Square_solid.uasset" 307
"../../../Engine/Plugins/Animation/ControlRig/Content/Controls/ControlRig_Square_solid.uexp" 308
"../../../Engine/Plugins/Animation/ControlRig/Content/Controls/ControlRig_Square_3mm.ubulk" 309
"../../../Engine/Plugins/Animation/ControlRig/Content/Controls/ControlRig_Square_3mm.uasset" 310
"../../../Engine/Plugins/Animation/ControlRig/Content/Controls/ControlRig_Square_3mm.uexp" 311
"../../../Engine/Plugins/Animation/ControlRig/Content/Controls/ControlRig_Square_1mm.ubulk" 312
"../../../Engine/Plugins/Animation/ControlRig/Content/Controls/ControlRig_Square_1mm.uasset" 313
"../../../Engine/Plugins/Animation/ControlRig/Content/Controls/ControlRig_Square_1mm.uexp" 314
"../../../Engine/Plugins/Animation/ControlRig/Content/Controls/ControlRig_Sphere_solid.ubulk" 315
"../../../Engine/Plugins/Animation/ControlRig/Content/Controls/ControlRig_Sphere_solid.uasset" 316
"../../../Engine/Plugins/Animation/ControlRig/Content/Controls/ControlRig_Sphere_solid.uexp" 317
"../../../Engine/Plugins/Animation/ControlRig/Content/Controls/ControlRig_Sphere_3mm.ubulk" 318
"../../../Engine/Plugins/Animation/ControlRig/Content/Controls/ControlRig_Sphere_3mm.uasset" 319
"../../../Engine/Plugins/Animation/ControlRig/Content/Controls/ControlRig_Sphere_3mm.uexp" 320
"../../../Engine/Plugins/Animation/ControlRig/Content/Controls/ControlRig_Sphere_1mm.ubulk" 321
"../../../Engine/Plugins/Animation/ControlRig/Content/Controls/ControlRig_Sphere_1mm.uasset" 322
"../../../Engine/Plugins/Animation/ControlRig/Content/Controls/ControlRig_Sphere_1mm.uexp" 323
"../../../Engine/Plugins/Animation/ControlRig/Content/Controls/ControlRig_RoundedTriangle_solid.ubulk" 324
"../../../Engine/Plugins/Animation/ControlRig/Content/Controls/ControlRig_RoundedTriangle_solid.uasset" 325
"../../../Engine/Plugins/Animation/ControlRig/Content/Controls/ControlRig_RoundedTriangle_solid.uexp" 326
"../../../Engine/Plugins/Animation/ControlRig/Content/Controls/ControlRig_RoundedTriangle_3mm.ubulk" 327
"../../../Engine/Plugins/Animation/ControlRig/Content/Controls/ControlRig_RoundedTriangle_3mm.uasset" 328
"../../../Engine/Plugins/Animation/ControlRig/Content/Controls/ControlRig_RoundedTriangle_3mm.uexp" 329
"../../../Engine/Plugins/Animation/ControlRig/Content/Controls/ControlRig_RoundedTriangle_1mm.ubulk" 330
"../../../Engine/Plugins/Animation/ControlRig/Content/Controls/ControlRig_RoundedTriangle_1mm.uasset" 331
"../../../Engine/Plugins/Animation/ControlRig/Content/Controls/ControlRig_RoundedTriangle_1mm.uexp" 332
"../../../Engine/Plugins/Animation/ControlRig/Content/Controls/ControlRig_RoundedSquare_solid.ubulk" 333
"../../../Engine/Plugins/Animation/ControlRig/Content/Controls/ControlRig_RoundedSquare_solid.uasset" 334
"../../../Engine/Plugins/Animation/ControlRig/Content/Controls/ControlRig_RoundedSquare_solid.uexp" 335
"../../../Engine/Plugins/Animation/ControlRig/Content/Controls/ControlRig_RoundedSquare_3mm.ubulk" 336
"../../../Engine/Plugins/Animation/ControlRig/Content/Controls/ControlRig_RoundedSquare_3mm.uasset" 337
"../../../Engine/Plugins/Animation/ControlRig/Content/Controls/ControlRig_RoundedSquare_3mm.uexp" 338
"../../../Engine/Plugins/Animation/ControlRig/Content/Controls/ControlRig_RoundedSquare_1mm.ubulk" 339
"../../../Engine/Plugins/Animation/ControlRig/Content/Controls/ControlRig_RoundedSquare_1mm.uasset" 340
"../../../Engine/Plugins/Animation/ControlRig/Content/Controls/ControlRig_RoundedSquare_1mm.uexp" 341
"../../../Engine/Plugins/Animation/ControlRig/Content/Controls/ControlRig_QuarterCircle_solid.ubulk" 342
"../../../Engine/Plugins/Animation/ControlRig/Content/Controls/ControlRig_QuarterCircle_solid.uasset" 343
"../../../Engine/Plugins/Animation/ControlRig/Content/Controls/ControlRig_QuarterCircle_solid.uexp" 344
"../../../Engine/Plugins/Animation/ControlRig/Content/Controls/ControlRig_QuarterCircle_3mm.ubulk" 345
"../../../Engine/Plugins/Animation/ControlRig/Content/Controls/ControlRig_QuarterCircle_3mm.uasset" 346
"../../../Engine/Plugins/Animation/ControlRig/Content/Controls/ControlRig_QuarterCircle_3mm.uexp" 347
"../../../Engine/Plugins/Animation/ControlRig/Content/Controls/ControlRig_QuarterCircle_1mm.ubulk" 348
"../../../Engine/Plugins/Animation/ControlRig/Content/Controls/ControlRig_QuarterCircle_1mm.uasset" 349
"../../../Engine/Plugins/Animation/ControlRig/Content/Controls/ControlRig_QuarterCircle_1mm.uexp" 350
"../../../Engine/Plugins/Animation/ControlRig/Content/Controls/ControlRig_Pyramid_solid.ubulk" 351
"../../../Engine/Plugins/Animation/ControlRig/Content/Controls/ControlRig_Pyramid_solid.uasset" 352
"../../../Engine/Plugins/Animation/ControlRig/Content/Controls/ControlRig_Pyramid_solid.uexp" 353
"../../../Engine/Plugins/Animation/ControlRig/Content/Controls/ControlRig_Pyramid_3mm.ubulk" 354
"../../../Engine/Plugins/Animation/ControlRig/Content/Controls/ControlRig_Pyramid_3mm.uasset" 355
"../../../Engine/Plugins/Animation/ControlRig/Content/Controls/ControlRig_Pyramid_3mm.uexp" 356
"../../../Engine/Plugins/Animation/ControlRig/Content/Controls/ControlRig_Pyramid_1mm.ubulk" 357
"../../../Engine/Plugins/Animation/ControlRig/Content/Controls/ControlRig_Pyramid_1mm.uasset" 358
"../../../Engine/Plugins/Animation/ControlRig/Content/Controls/ControlRig_Pyramid_1mm.uexp" 359
"../../../Engine/Plugins/Animation/ControlRig/Content/Controls/ControlRig_Octagon_solid.ubulk" 360
"../../../Engine/Plugins/Animation/ControlRig/Content/Controls/ControlRig_Octagon_solid.uasset" 361
"../../../Engine/Plugins/Animation/ControlRig/Content/Controls/ControlRig_Octagon_solid.uexp" 362
"../../../Engine/Plugins/Animation/ControlRig/Content/Controls/ControlRig_Octagon_3mm.ubulk" 363
"../../../Engine/Plugins/Animation/ControlRig/Content/Controls/ControlRig_Octagon_3mm.uasset" 364
"../../../Engine/Plugins/Animation/ControlRig/Content/Controls/ControlRig_Octagon_3mm.uexp" 365
"../../../Engine/Plugins/Animation/ControlRig/Content/Controls/ControlRig_Octagon_1mm.ubulk" 366
"../../../Engine/Plugins/Animation/ControlRig/Content/Controls/ControlRig_Octagon_1mm.uasset" 367
"../../../Engine/Plugins/Animation/ControlRig/Content/Controls/ControlRig_Octagon_1mm.uexp" 368
"../../../Engine/Plugins/Animation/ControlRig/Content/Controls/ControlRig_Hexagon_solid.ubulk" 369
"../../../Engine/Plugins/Animation/ControlRig/Content/Controls/ControlRig_Hexagon_solid.uasset" 370
"../../../Engine/Plugins/Animation/ControlRig/Content/Controls/ControlRig_Hexagon_solid.uexp" 371
"../../../Engine/Plugins/Animation/ControlRig/Content/Controls/ControlRig_Hexagon_3mm.ubulk" 372
"../../../Engine/Plugins/Animation/ControlRig/Content/Controls/ControlRig_Hexagon_3mm.uasset" 373
"../../../Engine/Plugins/Animation/ControlRig/Content/Controls/ControlRig_Hexagon_3mm.uexp" 374
"../../../Engine/Plugins/Animation/ControlRig/Content/Controls/ControlRig_Hexagon_1mm.ubulk" 375
"../../../Engine/Plugins/Animation/ControlRig/Content/Controls/ControlRig_Hexagon_1mm.uasset" 376
"../../../Engine/Plugins/Animation/ControlRig/Content/Controls/ControlRig_Hexagon_1mm.uexp" 377
"../../../Engine/Plugins/Animation/ControlRig/Content/Controls/ControlRig_HalfCircle_solid.ubulk" 378
"../../../Engine/Plugins/Animation/ControlRig/Content/Controls/ControlRig_HalfCircle_solid.uasset" 379
"../../../Engine/Plugins/Animation/ControlRig/Content/Controls/ControlRig_HalfCircle_solid.uexp" 380
"../../../Engine/Plugins/Animation/ControlRig/Content/Controls/ControlRig_HalfCircle_3mm.ubulk" 381
"../../../Engine/Plugins/Animation/ControlRig/Content/Controls/ControlRig_HalfCircle_3mm.uasset" 382
"../../../Engine/Plugins/Animation/ControlRig/Content/Controls/ControlRig_HalfCircle_3mm.uexp" 383
"../../../Engine/Plugins/Animation/ControlRig/Content/Controls/ControlRig_HalfCircle_1mm.ubulk" 384
"../../../Engine/Plugins/Animation/ControlRig/Content/Controls/ControlRig_HalfCircle_1mm.uasset" 385
"../../../Engine/Plugins/Animation/ControlRig/Content/Controls/ControlRig_HalfCircle_1mm.uexp" 386
"../../../Engine/Plugins/Animation/ControlRig/Content/Controls/ControlRig_Diamond_solid.ubulk" 387
"../../../Engine/Plugins/Animation/ControlRig/Content/Controls/ControlRig_Diamond_solid.uasset" 388
"../../../Engine/Plugins/Animation/ControlRig/Content/Controls/ControlRig_Diamond_solid.uexp" 389
"../../../Engine/Plugins/Animation/ControlRig/Content/Controls/ControlRig_Diamond_3mm.ubulk" 390
"../../../Engine/Plugins/Animation/ControlRig/Content/Controls/ControlRig_Diamond_3mm.uasset" 391
"../../../Engine/Plugins/Animation/ControlRig/Content/Controls/ControlRig_Diamond_3mm.uexp" 392
"../../../Engine/Plugins/Animation/ControlRig/Content/Controls/ControlRig_Diamond_1mm.ubulk" 393
"../../../Engine/Plugins/Animation/ControlRig/Content/Controls/ControlRig_Diamond_1mm.uasset" 394
"../../../Engine/Plugins/Animation/ControlRig/Content/Controls/ControlRig_Diamond_1mm.uexp" 395
"../../../Engine/Plugins/Animation/ControlRig/Content/Controls/ControlRig_Circle_solid.ubulk" 396
"../../../Engine/Plugins/Animation/ControlRig/Content/Controls/ControlRig_Circle_solid.uasset" 397
"../../../Engine/Plugins/Animation/ControlRig/Content/Controls/ControlRig_Circle_solid.uexp" 398
"../../../Engine/Plugins/Animation/ControlRig/Content/Controls/ControlRig_Circle_3mm.ubulk" 399
"../../../Engine/Plugins/Animation/ControlRig/Content/Controls/ControlRig_Circle_3mm.uasset" 400
"../../../Engine/Plugins/Animation/ControlRig/Content/Controls/ControlRig_Circle_3mm.uexp" 401
"../../../Engine/Plugins/Animation/ControlRig/Content/Controls/ControlRig_Circle_1mm.ubulk" 402
"../../../Engine/Plugins/Animation/ControlRig/Content/Controls/ControlRig_Circle_1mm.uasset" 403
"../../../Engine/Plugins/Animation/ControlRig/Content/Controls/ControlRig_Circle_1mm.uexp" 404
"../../../Engine/Plugins/Animation/ControlRig/Content/Controls/ControlRig_Box_solid.ubulk" 405
"../../../Engine/Plugins/Animation/ControlRig/Content/Controls/ControlRig_Box_solid.uasset" 406
"../../../Engine/Plugins/Animation/ControlRig/Content/Controls/ControlRig_Box_solid.uexp" 407
"../../../Engine/Plugins/Animation/ControlRig/Content/Controls/ControlRig_Box_3mm.ubulk" 408
"../../../Engine/Plugins/Animation/ControlRig/Content/Controls/ControlRig_Box_3mm.uasset" 409
"../../../Engine/Plugins/Animation/ControlRig/Content/Controls/ControlRig_Box_3mm.uexp" 410
"../../../Engine/Plugins/Animation/ControlRig/Content/Controls/ControlRig_Box_1mm.ubulk" 411
"../../../Engine/Plugins/Animation/ControlRig/Content/Controls/ControlRig_Box_1mm.uasset" 412
"../../../Engine/Plugins/Animation/ControlRig/Content/Controls/ControlRig_Box_1mm.uexp" 413
"../../../Engine/Plugins/Animation/ControlRig/Content/Controls/ControlRig_Arrow_solid.ubulk" 414
"../../../Engine/Plugins/Animation/ControlRig/Content/Controls/ControlRig_Arrow_solid.uasset" 415
"../../../Engine/Plugins/Animation/ControlRig/Content/Controls/ControlRig_Arrow_solid.uexp" 416
"../../../Engine/Plugins/Animation/ControlRig/Content/Controls/ControlRig_Arrow_3mm.ubulk" 417
"../../../Engine/Plugins/Animation/ControlRig/Content/Controls/ControlRig_Arrow_3mm.uasset" 418
"../../../Engine/Plugins/Animation/ControlRig/Content/Controls/ControlRig_Arrow_3mm.uexp" 419
"../../../Engine/Plugins/Animation/ControlRig/Content/Controls/ControlRig_Arrow_1mm.ubulk" 420
"../../../Engine/Plugins/Animation/ControlRig/Content/Controls/ControlRig_Arrow_1mm.uasset" 421
"../../../Engine/Plugins/Animation/ControlRig/Content/Controls/ControlRig_Arrow_1mm.uexp" 422
"../../../Engine/Plugins/Animation/ControlRig/Content/Controls/ControlRig_Arrow4_solid.ubulk" 423
"../../../Engine/Plugins/Animation/ControlRig/Content/Controls/ControlRig_Arrow4_solid.uasset" 424
"../../../Engine/Plugins/Animation/ControlRig/Content/Controls/ControlRig_Arrow4_solid.uexp" 425
"../../../Engine/Plugins/Animation/ControlRig/Content/Controls/ControlRig_Arrow4_3mm.ubulk" 426
"../../../Engine/Plugins/Animation/ControlRig/Content/Controls/ControlRig_Arrow4_3mm.uasset" 427
"../../../Engine/Plugins/Animation/ControlRig/Content/Controls/ControlRig_Arrow4_3mm.uexp" 428
"../../../Engine/Plugins/Animation/ControlRig/Content/Controls/ControlRig_Arrow4_1mm.ubulk" 429
"../../../Engine/Plugins/Animation/ControlRig/Content/Controls/ControlRig_Arrow4_1mm.uasset" 430
"../../../Engine/Plugins/Animation/ControlRig/Content/Controls/ControlRig_Arrow4_1mm.uexp" 431
"../../../Engine/Plugins/Animation/ControlRig/Content/Controls/ControlRig_Arrow2_solid.ubulk" 432
"../../../Engine/Plugins/Animation/ControlRig/Content/Controls/ControlRig_Arrow2_solid.uasset" 433
"../../../Engine/Plugins/Animation/ControlRig/Content/Controls/ControlRig_Arrow2_solid.uexp" 434
"../../../Engine/Plugins/Animation/ControlRig/Content/Controls/ControlRig_Arrow2_3mm.ubulk" 435
"../../../Engine/Plugins/Animation/ControlRig/Content/Controls/ControlRig_Arrow2_3mm.uasset" 436
"../../../Engine/Plugins/Animation/ControlRig/Content/Controls/ControlRig_Arrow2_3mm.uexp" 437
"../../../Engine/Plugins/Animation/ControlRig/Content/Controls/ControlRig_Arrow2_1mm.ubulk" 438
"../../../Engine/Plugins/Animation/ControlRig/Content/Controls/ControlRig_Arrow2_1mm.uasset" 439
"../../../Engine/Plugins/Animation/ControlRig/Content/Controls/ControlRig_Arrow2_1mm.uexp" 440
"../../../Engine/Plugins/Animation/ControlRig/Content/Controls/ControlRigXRayMaterial.uasset" 441
"../../../Engine/Plugins/Animation/ControlRig/Content/Controls/ControlRigXRayMaterial.uexp" 442
"../../../Engine/Plugins/Animation/ControlRig/Content/Controls/ControlRigGizmoMaterial.uasset" 443
"../../../Engine/Plugins/Animation/ControlRig/Content/Controls/ControlRigGizmoMaterial.uexp" 444
"../../../Engine/Plugins/2D/Paper2D/Content/DefaultSpriteMaterial.uasset" 445
"../../../Engine/Plugins/2D/Paper2D/Content/DefaultSpriteMaterial.uexp" 446
"../../../Engine/Plugins/2D/Paper2D/Content/OpaqueUnlitSpriteMaterial.uasset" 447
"../../../Engine/Plugins/2D/Paper2D/Content/OpaqueUnlitSpriteMaterial.uexp" 448
"../../../Engine/Plugins/2D/Paper2D/Content/MaskedUnlitSpriteMaterial.uasset" 449
"../../../Engine/Plugins/2D/Paper2D/Content/MaskedUnlitSpriteMaterial.uexp" 450
"../../../Engine/Content/EngineResources/GradientTexture0.uasset" 451
"../../../Engine/Content/EngineResources/GradientTexture0.uexp" 452
"../../../Engine/Content/EngineResources/Black.uasset" 453
"../../../Engine/Content/EngineResources/Black.uexp" 454
"../../../Engine/Content/EngineResources/WhiteSquareTexture.uasset" 455
"../../../Engine/Content/EngineResources/WhiteSquareTexture.uexp" 456
"../../../Engine/Content/EngineMaterials/Widget3DPassThrough.uasset" 457
"../../../Engine/Content/EngineMaterials/Widget3DPassThrough.uexp" 458
"../../../Engine/Content/EngineMaterials/Widget3DPassThrough_Translucent.uasset" 459
"../../../Engine/Content/EngineMaterials/Widget3DPassThrough_Translucent.uexp" 460
"../../../Engine/Content/EngineMaterials/Widget3DPassThrough_Translucent_OneSided.uasset" 461
"../../../Engine/Content/EngineMaterials/Widget3DPassThrough_Translucent_OneSided.uexp" 462
"../../../Engine/Content/EngineMaterials/Widget3DPassThrough_Opaque.uasset" 463
"../../../Engine/Content/EngineMaterials/Widget3DPassThrough_Opaque.uexp" 464
"../../../Engine/Content/EngineMaterials/Widget3DPassThrough_Opaque_OneSided.uasset" 465
"../../../Engine/Content/EngineMaterials/Widget3DPassThrough_Opaque_OneSided.uexp" 466
"../../../Engine/Content/EngineMaterials/Widget3DPassThrough_Masked_OneSided.uasset" 467
"../../../Engine/Content/EngineMaterials/Widget3DPassThrough_Masked_OneSided.uexp" 468
"../../../Engine/Content/EngineMaterials/Widget3DPassThrough_Masked.uasset" 469
"../../../Engine/Content/EngineMaterials/Widget3DPassThrough_Masked.uexp" 470
"../../../Engine/Content/EngineMaterials/WeightMapPlaceholderTexture.uasset" 471
"../../../Engine/Content/EngineMaterials/WeightMapPlaceholderTexture.uexp" 472
"../../../Engine/Content/EngineMaterials/WeightMapArrayPlaceholderTexture.uasset" 473
"../../../Engine/Content/EngineMaterials/WeightMapArrayPlaceholderTexture.uexp" 474
"../../../Engine/Content/EngineMaterials/RemoveSurfaceMaterial.uasset" 475
"../../../Engine/Content/EngineMaterials/RemoveSurfaceMaterial.uexp" 476
"../../../Engine/Content/EngineMaterials/PreintegratedSkinBRDF.uasset" 477
"../../../Engine/Content/EngineMaterials/PreintegratedSkinBRDF.uexp" 478
"../../../Engine/Content/EngineMaterials/DefaultCalibrationGrayscale.uasset" 479
"../../../Engine/Content/EngineMaterials/DefaultCalibrationGrayscale.uexp" 480
"../../../Engine/Content/EngineMaterials/PPM_DefaultCalibrationGrayscale.uasset" 481
"../../../Engine/Content/EngineMaterials/PPM_DefaultCalibrationGrayscale.uexp" 482
"../../../Engine/Content/EngineMaterials/DefaultCalibrationColor.uasset" 483
"../../../Engine/Content/EngineMaterials/DefaultCalibrationColor.uexp" 484
"../../../Engine/Content/EngineMaterials/PPM_DefaultCalibrationColor.uasset" 485
"../../../Engine/Content/EngineMaterials/PPM_DefaultCalibrationColor.uexp" 486
"../../../Engine/Content/EngineMaterials/PhAT_JointLimitMaterial.uasset" 487
"../../../Engine/Content/EngineMaterials/PhAT_JointLimitMaterial.uexp" 488
"../../../Engine/Content/EngineMaterials/NaniteHiddenSectionMaterial.uasset" 489
"../../../Engine/Content/EngineMaterials/NaniteHiddenSectionMaterial.uexp" 490
"../../../Engine/Content/EngineMaterials/InvalidLightmapSettings.ubulk" 491
"../../../Engine/Content/EngineMaterials/InvalidLightmapSettings.uasset" 492
"../../../Engine/Content/EngineMaterials/InvalidLightmapSettings.uexp" 493
"../../../Engine/Content/EngineMaterials/M_InvalidLightmapSettings.uasset" 494
"../../../Engine/Content/EngineMaterials/M_InvalidLightmapSettings.uexp" 495
"../../../Engine/Content/EngineMaterials/MiniFont.uasset" 496
"../../../Engine/Content/EngineMaterials/MiniFont.uexp" 497
"../../../Engine/Content/EngineMaterials/GizmoMaterial.uasset" 498
"../../../Engine/Content/EngineMaterials/GizmoMaterial.uexp" 499
"../../../Engine/Content/EngineMaterials/BaseFlattenEmissiveMap_VT.uasset" 500
"../../../Engine/Content/EngineMaterials/BaseFlattenEmissiveMap_VT.uexp" 501
"../../../Engine/Content/EngineMaterials/BaseFlattenGrayscaleMap_VT.uasset" 502
"../../../Engine/Content/EngineMaterials/BaseFlattenGrayscaleMap_VT.uexp" 503
"../../../Engine/Content/EngineMaterials/BaseFlattenLinearColor_VT.uasset" 504
"../../../Engine/Content/EngineMaterials/BaseFlattenLinearColor_VT.uexp" 505
"../../../Engine/Content/EngineMaterials/Black_1x1_EXR_Texture_VT.uasset" 506
"../../../Engine/Content/EngineMaterials/Black_1x1_EXR_Texture_VT.uexp" 507
"../../../Engine/Content/EngineMaterials/BaseFlattenDiffuseMap_VT.uasset" 508
"../../../Engine/Content/EngineMaterials/BaseFlattenDiffuseMap_VT.uexp" 509
"../../../Engine/Content/EngineMaterials/BaseFlattenNormalMap_VT.uasset" 510
"../../../Engine/Content/EngineMaterials/BaseFlattenNormalMap_VT.uexp" 511
"../../../Engine/Content/EngineMaterials/FlattenMaterial_WS_Normal_VT.uasset" 512
"../../../Engine/Content/EngineMaterials/FlattenMaterial_WS_Normal_VT.uexp" 513
"../../../Engine/Content/EngineMaterials/FlattenMaterial_VT.uasset" 514
"../../../Engine/Content/EngineMaterials/FlattenMaterial_VT.uexp" 515
"../../../Engine/Content/EngineMaterials/BaseFlattenNormalMap.uasset" 516
"../../../Engine/Content/EngineMaterials/BaseFlattenNormalMap.uexp" 517
"../../../Engine/Content/EngineMaterials/BaseFlattenGrayscaleMap.uasset" 518
"../../../Engine/Content/EngineMaterials/BaseFlattenGrayscaleMap.uexp" 519
"../../../Engine/Content/EngineMaterials/BaseFlattenDiffuseMap.uasset" 520
"../../../Engine/Content/EngineMaterials/BaseFlattenDiffuseMap.uexp" 521
"../../../Engine/Content/Functions/Engine_MaterialFunctions02/PivotPainter2/Black_1x1_EXR_Texture.uasset" 522
"../../../Engine/Content/Functions/Engine_MaterialFunctions02/PivotPainter2/Black_1x1_EXR_Texture.uexp" 523
"../../../Engine/Content/EngineMaterials/BaseFlattenEmissiveMap.uasset" 524
"../../../Engine/Content/EngineMaterials/BaseFlattenEmissiveMap.uexp" 525
"../../../Engine/Content/EngineMaterials/BaseFlattenLinearColor.uasset" 526
"../../../Engine/Content/EngineMaterials/BaseFlattenLinearColor.uexp" 527
"../../../Engine/Content/EngineMaterials/FlattenMaterial.uasset" 528
"../../../Engine/Content/EngineMaterials/FlattenMaterial.uexp" 529
"../../../Engine/Content/EngineMaterials/FastBlueNoise_vec2_128x128x64.uasset" 530
"../../../Engine/Content/EngineMaterials/FastBlueNoise_vec2_128x128x64.uexp" 531
"../../../Engine/Content/EngineMaterials/FastBlueNoise_scalar_128x128x64.uasset" 532
"../../../Engine/Content/EngineMaterials/FastBlueNoise_scalar_128x128x64.uexp" 533
"../../../Engine/Content/EngineMaterials/DefaultWhiteGrid_Low.uasset" 534
"../../../Engine/Content/EngineMaterials/DefaultWhiteGrid_Low.uexp" 535
"../../../Engine/Content/EngineMaterials/EmissiveMeshMaterial.uasset" 536
"../../../Engine/Content/EngineMaterials/EmissiveMeshMaterial.uexp" 537
"../../../Engine/Content/EngineMaterials/DefaultWhiteGrid.ubulk" 538
"../../../Engine/Content/EngineMaterials/DefaultWhiteGrid.uasset" 539
"../../../Engine/Content/EngineMaterials/DefaultWhiteGrid.uexp" 540
"../../../Engine/Content/EngineFonts/RobotoDistanceField.uasset" 541
"../../../Engine/Content/EngineFonts/RobotoDistanceField.uexp" 542
"../../../Engine/Content/EngineMaterials/DefaultTextMaterialOpaque.uasset" 543
"../../../Engine/Content/EngineMaterials/DefaultTextMaterialOpaque.uexp" 544
"../../../Engine/Content/EngineMaterials/DefaultDiffuse.ubulk" 545
"../../../Engine/Content/EngineMaterials/DefaultDiffuse.uasset" 546
"../../../Engine/Content/EngineMaterials/DefaultDiffuse.uexp" 547
"../../../Engine/Content/EngineMaterials/DefaultPostProcessMaterial.uasset" 548
"../../../Engine/Content/EngineMaterials/DefaultPostProcessMaterial.uexp" 549
"../../../Engine/Content/EngineMaterials/DefaultLightFunctionMaterial.uasset" 550
"../../../Engine/Content/EngineMaterials/DefaultLightFunctionMaterial.uexp" 551
"../../../Engine/Content/EngineMaterials/DefaultDeferredDecalMaterial.uasset" 552
"../../../Engine/Content/EngineMaterials/DefaultDeferredDecalMaterial.uexp" 553
"../../../Engine/Content/EngineMaterials/DefaultBokeh.uasset" 554
"../../../Engine/Content/EngineMaterials/DefaultBokeh.uexp" 555
"../../../Engine/Content/EngineMaterials/DefaultBloomKernel.uasset" 556
"../../../Engine/Content/EngineMaterials/DefaultBloomKernel.uexp" 557
"../../../Engine/Content/Functions/Engine_MaterialFunctions02/Utility/CameraDirectionVector.uasset" 558
"../../../Engine/Content/Functions/Engine_MaterialFunctions02/Utility/CameraDirectionVector.uexp" 559
"../../../Engine/Content/EngineDebugMaterials/VolumeToRender.uasset" 560
"../../../Engine/Content/EngineDebugMaterials/VolumeToRender.uexp" 561
"../../../Engine/Content/EngineDebugMaterials/M_VolumeRenderSphereTracePP.uasset" 562
"../../../Engine/Content/EngineDebugMaterials/M_VolumeRenderSphereTracePP.uexp" 563
"../../../Engine/Content/EngineDebugMaterials/M_SimpleUnlitTranslucent.uasset" 564
"../../../Engine/Content/EngineDebugMaterials/M_SimpleUnlitTranslucent.uexp" 565
"../../../Engine/Content/EngineDebugMaterials/DebugMeshMaterial.uasset" 566
"../../../Engine/Content/EngineDebugMaterials/DebugMeshMaterial.uexp" 567
"../../../Engine/Content/EngineDebugMaterials/DebugEditorMaterial.uasset" 568
"../../../Engine/Content/EngineDebugMaterials/DebugEditorMaterial.uexp" 569
"../../../Engine/Content/EngineDamageTypes/DmgTypeBP_Environmental.uasset" 570
"../../../Engine/Content/EngineDamageTypes/DmgTypeBP_Environmental.uexp" 571
"../../../Engine/Content/EditorResources/S_Terrain.ubulk" 572
"../../../Engine/Content/EditorResources/S_Terrain.uasset" 573
"../../../Engine/Content/EditorResources/S_Terrain.uexp" 574
"../../../Engine/Content/EditorResources/S_Solver.ubulk" 575
"../../../Engine/Content/EditorResources/S_Solver.uasset" 576
"../../../Engine/Content/EditorResources/S_Solver.uexp" 577
"../../../Engine/Content/EditorResources/EmptyActor.uasset" 578
"../../../Engine/Content/EditorResources/EmptyActor.uexp" 579
"../../../Engine/Content/EditorResources/BSPVertex.uasset" 580
"../../../Engine/Content/EditorResources/BSPVertex.uexp" 581
"../../../Engine/Content/EditorMaterials/PreviewShadowIndicator.ubulk" 582
"../../../Engine/Content/EditorMaterials/PreviewShadowIndicator.uasset" 583
"../../../Engine/Content/EditorMaterials/PreviewShadowIndicator.uexp" 584
"../../../Engine/Content/EditorMaterials/PreviewShadowIndicatorMaterial.uasset" 585
"../../../Engine/Content/EditorMaterials/PreviewShadowIndicatorMaterial.uexp" 586
"../../../Engine/Content/EditorMaterials/PhAT_UnselectedMaterial.uasset" 587
"../../../Engine/Content/EditorMaterials/PhAT_UnselectedMaterial.uexp" 588
"../../../Engine/Content/EditorMaterials/PhAT_NoCollisionMaterial.uasset" 589
"../../../Engine/Content/EditorMaterials/PhAT_NoCollisionMaterial.uexp" 590
"../../../Engine/Content/EditorLandscapeResources/SplineEditorMeshMat.uasset" 591
"../../../Engine/Content/EditorLandscapeResources/SplineEditorMeshMat.uexp" 592
"../../../Engine/Content/EditorLandscapeResources/SplineEditorMesh.ubulk" 593
"../../../Engine/Content/EditorLandscapeResources/SplineEditorMesh.uasset" 594
"../../../Engine/Content/EditorLandscapeResources/SplineEditorMesh.uexp" 595
"../../../Engine/Content/EditorLandscapeResources/DefaultAlphaTexture.uasset" 596
"../../../Engine/Content/EditorLandscapeResources/DefaultAlphaTexture.uexp" 597
"../../../Engine/Content/EngineMaterials/DefaultMaterial.uasset" 598
"../../../Engine/Content/EngineMaterials/DefaultMaterial.uexp" 599
"../../../Engine/Content/BasicShapes/Sphere.ubulk" 600
"../../../Engine/Content/BasicShapes/Sphere.uasset" 601
"../../../Engine/Content/BasicShapes/Sphere.uexp" 602
"../../../Engine/Content/BasicShapes/Plane.ubulk" 603
"../../../Engine/Content/BasicShapes/Plane.uasset" 604
"../../../Engine/Content/BasicShapes/Plane.uexp" 605
"../../../Engine/Content/BasicShapes/Cone.ubulk" 606
"../../../Engine/Content/BasicShapes/Cone.uasset" 607
"../../../Engine/Content/BasicShapes/Cone.uexp" 608
"../../../Engine/Plugins/Interchange/Assets/Content/gltf/Textures/T_White_srgb.uasset" 609
"../../../Engine/Plugins/Interchange/Assets/Content/gltf/Textures/T_White_srgb.uexp" 610
"../../../Engine/Plugins/Interchange/Assets/Content/gltf/MaterialFunctions/MF_BaseColor.uasset" 611
"../../../Engine/Plugins/Interchange/Assets/Content/gltf/MaterialFunctions/MF_BaseColor.uexp" 612
"../../../Engine/Plugins/Interchange/Assets/Content/gltf/MaterialFunctions/MF_RotateV2.uasset" 613
"../../../Engine/Plugins/Interchange/Assets/Content/gltf/MaterialFunctions/MF_RotateV2.uexp" 614
"../../../Engine/Plugins/Interchange/Assets/Content/gltf/MaterialFunctions/MF_TransformUVs.uasset" 615
"../../../Engine/Plugins/Interchange/Assets/Content/gltf/MaterialFunctions/MF_TransformUVs.uexp" 616
"../../../Engine/Plugins/Interchange/Assets/Content/gltf/MaterialBodies/MF_Unlit_Body.uasset" 617
"../../../Engine/Plugins/Interchange/Assets/Content/gltf/MaterialBodies/MF_Unlit_Body.uexp" 618
"../../../Engine/Plugins/Interchange/Assets/Content/gltf/M_Unlit.uasset" 619
"../../../Engine/Plugins/Interchange/Assets/Content/gltf/M_Unlit.uexp" 620
"../../../Engine/Plugins/Interchange/Assets/Content/gltf/MaterialInstances/MI_Unlit_Opaque_DS.uasset" 621
"../../../Engine/Plugins/Interchange/Assets/Content/gltf/MaterialInstances/MI_Unlit_Opaque_DS.uexp" 622
"../../../Engine/Plugins/Interchange/Assets/Content/gltf/MaterialInstances/MI_Unlit_Opaque.uasset" 623
"../../../Engine/Plugins/Interchange/Assets/Content/gltf/MaterialInstances/MI_Unlit_Opaque.uexp" 624
"../../../Engine/Plugins/Interchange/Assets/Content/gltf/MaterialInstances/MI_Unlit_Mask_DS.uasset" 625
"../../../Engine/Plugins/Interchange/Assets/Content/gltf/MaterialInstances/MI_Unlit_Mask_DS.uexp" 626
"../../../Engine/Plugins/Interchange/Assets/Content/gltf/MaterialInstances/MI_Unlit_Mask.uasset" 627
"../../../Engine/Plugins/Interchange/Assets/Content/gltf/MaterialInstances/MI_Unlit_Mask.uexp" 628
"../../../Engine/Plugins/Interchange/Assets/Content/gltf/MaterialInstances/MI_Unlit_Blend_DS.uasset" 629
"../../../Engine/Plugins/Interchange/Assets/Content/gltf/MaterialInstances/MI_Unlit_Blend_DS.uexp" 630
"../../../Engine/Plugins/Interchange/Assets/Content/gltf/MaterialInstances/MI_Unlit_Blend.uasset" 631
"../../../Engine/Plugins/Interchange/Assets/Content/gltf/MaterialInstances/MI_Unlit_Blend.uexp" 632
"../../../Engine/Content/Functions/Engine_MaterialFunctions02/Math/Transform3x3Matrix.uasset" 633
"../../../Engine/Content/Functions/Engine_MaterialFunctions02/Math/Transform3x3Matrix.uexp" 634
"../../../Engine/Content/EngineMaterials/Good64x64TilingNoiseHighFreq.uasset" 635
"../../../Engine/Content/EngineMaterials/Good64x64TilingNoiseHighFreq.uexp" 636
"../../../Engine/Content/Functions/Engine_MaterialFunctions02/Texturing/ScreenAlignedPixelToPixelUVs.uasset" 637
"../../../Engine/Content/Functions/Engine_MaterialFunctions02/Texturing/ScreenAlignedPixelToPixelUVs.uexp" 638
"../../../Engine/Plugins/Interchange/Assets/Content/gltf/MaterialFunctions/MF_Temporal_Blur.uasset" 639
"../../../Engine/Plugins/Interchange/Assets/Content/gltf/MaterialFunctions/MF_Temporal_Blur.uexp" 640
"../../../Engine/Plugins/Interchange/Assets/Content/gltf/MaterialFunctions/MF_Specular.uasset" 641
"../../../Engine/Plugins/Interchange/Assets/Content/gltf/MaterialFunctions/MF_Specular.uexp" 642
"../../../Engine/Plugins/Interchange/Assets/Content/gltf/Textures/T_Anisotropy_Direction_Linear.uasset" 643
"../../../Engine/Plugins/Interchange/Assets/Content/gltf/Textures/T_Anisotropy_Direction_Linear.uexp" 644
"../../../Engine/Plugins/Interchange/Assets/Content/gltf/MaterialFunctions/MF_SpecularAnisotropy.uasset" 645
"../../../Engine/Plugins/Interchange/Assets/Content/gltf/MaterialFunctions/MF_SpecularAnisotropy.uexp" 646
"../../../Engine/Plugins/Interchange/Assets/Content/gltf/Textures/T_White_Linear.uasset" 647
"../../../Engine/Plugins/Interchange/Assets/Content/gltf/Textures/T_White_Linear.uexp" 648
"../../../Engine/Plugins/Interchange/Assets/Content/gltf/MaterialFunctions/MF_MetallicRoughness.uasset" 649
"../../../Engine/Plugins/Interchange/Assets/Content/gltf/MaterialFunctions/MF_MetallicRoughness.uexp" 650
"../../../Engine/Plugins/Interchange/Assets/Content/gltf/Textures/T_Generic_N.uasset" 651
"../../../Engine/Plugins/Interchange/Assets/Content/gltf/Textures/T_Generic_N.uexp" 652
"../../../Engine/Plugins/Interchange/Assets/Content/gltf/MaterialFunctions/MF_ScaleNormal.uasset" 653
"../../../Engine/Plugins/Interchange/Assets/Content/gltf/MaterialFunctions/MF_ScaleNormal.uexp" 654
"../../../Engine/Plugins/Interchange/Assets/Content/gltf/MaterialFunctions/MF_Fresnel_DS.uasset" 655
"../../../Engine/Plugins/Interchange/Assets/Content/gltf/MaterialFunctions/MF_Fresnel_DS.uexp" 656
"../../../Engine/Plugins/Interchange/Assets/Content/gltf/MaterialFunctions/MF_Iridescence.uasset" 657
"../../../Engine/Plugins/Interchange/Assets/Content/gltf/MaterialFunctions/MF_Iridescence.uexp" 658
"../../../Engine/Plugins/Interchange/Assets/Content/gltf/MaterialFunctions/MF_Occlusion.uasset" 659
"../../../Engine/Plugins/Interchange/Assets/Content/gltf/MaterialFunctions/MF_Occlusion.uexp" 660
"../../../Engine/Plugins/Interchange/Assets/Content/gltf/MaterialFunctions/MF_IOR.uasset" 661
"../../../Engine/Plugins/Interchange/Assets/Content/gltf/MaterialFunctions/MF_IOR.uexp" 662
"../../../Engine/Plugins/Interchange/Assets/Content/gltf/MaterialFunctions/MF_Transmission.uasset" 663
"../../../Engine/Plugins/Interchange/Assets/Content/gltf/MaterialFunctions/MF_Transmission.uexp" 664
"../../../Engine/Plugins/Interchange/Assets/Content/gltf/MaterialFunctions/MF_RotateNormals_TS.uasset" 665
"../../../Engine/Plugins/Interchange/Assets/Content/gltf/MaterialFunctions/MF_RotateNormals_TS.uexp" 666
"../../../Engine/Plugins/Interchange/Assets/Content/gltf/MaterialFunctions/MF_Normals.uasset" 667
"../../../Engine/Plugins/Interchange/Assets/Content/gltf/MaterialFunctions/MF_Normals.uexp" 668
"../../../Engine/Plugins/Interchange/Assets/Content/gltf/MaterialBodies/MF_Transmission_Body.uasset" 669
"../../../Engine/Plugins/Interchange/Assets/Content/gltf/MaterialBodies/MF_Transmission_Body.uexp" 670
"../../../Engine/Plugins/Interchange/Assets/Content/gltf/M_Transmission.uasset" 671
"../../../Engine/Plugins/Interchange/Assets/Content/gltf/M_Transmission.uexp" 672
"../../../Engine/Plugins/Interchange/Assets/Content/gltf/MaterialInstances/MI_Transmission_DS.uasset" 673
"../../../Engine/Plugins/Interchange/Assets/Content/gltf/MaterialInstances/MI_Transmission_DS.uexp" 674
"../../../Engine/Plugins/Interchange/Assets/Content/gltf/MaterialInstances/MI_Transmission.uasset" 675
"../../../Engine/Plugins/Interchange/Assets/Content/gltf/MaterialInstances/MI_Transmission.uexp" 676
"../../../Engine/Content/Functions/Engine_MaterialFunctions02/Math/AddComponents.uasset" 677
"../../../Engine/Content/Functions/Engine_MaterialFunctions02/Math/AddComponents.uexp" 678
"../../../Engine/Plugins/Interchange/Assets/Content/gltf/MaterialFunctions/MF_DiffuseSpecGloss.uasset" 679
"../../../Engine/Plugins/Interchange/Assets/Content/gltf/MaterialFunctions/MF_DiffuseSpecGloss.uexp" 680
"../../../Engine/Plugins/Interchange/Assets/Content/gltf/MaterialFunctions/MF_Emissive.uasset" 681
"../../../Engine/Plugins/Interchange/Assets/Content/gltf/MaterialFunctions/MF_Emissive.uexp" 682
"../../../Engine/Plugins/Interchange/Assets/Content/gltf/MaterialFunctions/MF_PerceivedBrightness.uasset" 683
"../../../Engine/Plugins/Interchange/Assets/Content/gltf/MaterialFunctions/MF_PerceivedBrightness.uexp" 684
"../../../Engine/Plugins/Interchange/Assets/Content/gltf/MaterialFunctions/MF_SpecGlossToMetalRoughness.uasset" 685
"../../../Engine/Plugins/Interchange/Assets/Content/gltf/MaterialFunctions/MF_SpecGlossToMetalRoughness.uexp" 686
"../../../Engine/Plugins/Interchange/Assets/Content/gltf/MaterialFunctions/MF_MaxComponentValue.uasset" 687
"../../../Engine/Plugins/Interchange/Assets/Content/gltf/MaterialFunctions/MF_MaxComponentValue.uexp" 688
"../../../Engine/Plugins/Interchange/Assets/Content/gltf/MaterialBodies/MF_SpecularGlossiness_Body.uasset" 689
"../../../Engine/Plugins/Interchange/Assets/Content/gltf/MaterialBodies/MF_SpecularGlossiness_Body.uexp" 690
"../../../Engine/Plugins/Interchange/Assets/Content/gltf/M_SpecularGlossiness.uasset" 691
"../../../Engine/Plugins/Interchange/Assets/Content/gltf/M_SpecularGlossiness.uexp" 692
"../../../Engine/Plugins/Interchange/Assets/Content/gltf/MaterialInstances/MI_SpecularGlossiness_Opaque_DS.uasset" 693
"../../../Engine/Plugins/Interchange/Assets/Content/gltf/MaterialInstances/MI_SpecularGlossiness_Opaque_DS.uexp" 694
"../../../Engine/Plugins/Interchange/Assets/Content/gltf/MaterialInstances/MI_SpecularGlossiness_Opaque.uasset" 695
"../../../Engine/Plugins/Interchange/Assets/Content/gltf/MaterialInstances/MI_SpecularGlossiness_Opaque.uexp" 696
"../../../Engine/Plugins/Interchange/Assets/Content/gltf/MaterialInstances/MI_SpecularGlossiness_Mask_DS.uasset" 697
"../../../Engine/Plugins/Interchange/Assets/Content/gltf/MaterialInstances/MI_SpecularGlossiness_Mask_DS.uexp" 698
"../../../Engine/Plugins/Interchange/Assets/Content/gltf/MaterialInstances/MI_SpecularGlossiness_Mask.uasset" 699
"../../../Engine/Plugins/Interchange/Assets/Content/gltf/MaterialInstances/MI_SpecularGlossiness_Mask.uexp" 700
"../../../Engine/Plugins/Interchange/Assets/Content/gltf/MaterialInstances/MI_SpecularGlossiness_Blend_DS.uasset" 701
"../../../Engine/Plugins/Interchange/Assets/Content/gltf/MaterialInstances/MI_SpecularGlossiness_Blend_DS.uexp" 702
"../../../Engine/Plugins/Interchange/Assets/Content/gltf/MaterialInstances/MI_SpecularGlossiness_Blend.uasset" 703
"../../../Engine/Plugins/Interchange/Assets/Content/gltf/MaterialInstances/MI_SpecularGlossiness_Blend.uexp" 704
"../../../Engine/Plugins/Interchange/Assets/Content/gltf/MaterialFunctions/MF_Sheen.uasset" 705
"../../../Engine/Plugins/Interchange/Assets/Content/gltf/MaterialFunctions/MF_Sheen.uexp" 706
"../../../Engine/Plugins/Interchange/Assets/Content/gltf/MaterialBodies/MF_Sheen_Body.uasset" 707
"../../../Engine/Plugins/Interchange/Assets/Content/gltf/MaterialBodies/MF_Sheen_Body.uexp" 708
"../../../Engine/Plugins/Interchange/Assets/Content/gltf/M_Sheen.uasset" 709
"../../../Engine/Plugins/Interchange/Assets/Content/gltf/M_Sheen.uexp" 710
"../../../Engine/Plugins/Interchange/Assets/Content/gltf/MaterialInstances/MI_Sheen_Opaque_DS.uasset" 711
"../../../Engine/Plugins/Interchange/Assets/Content/gltf/MaterialInstances/MI_Sheen_Opaque_DS.uexp" 712
"../../../Engine/Plugins/Interchange/Assets/Content/gltf/MaterialInstances/MI_Sheen_Opaque.uasset" 713
"../../../Engine/Plugins/Interchange/Assets/Content/gltf/MaterialInstances/MI_Sheen_Opaque.uexp" 714
"../../../Engine/Plugins/Interchange/Assets/Content/gltf/MaterialInstances/MI_Sheen_Mask_DS.uasset" 715
"../../../Engine/Plugins/Interchange/Assets/Content/gltf/MaterialInstances/MI_Sheen_Mask_DS.uexp" 716
"../../../Engine/Plugins/Interchange/Assets/Content/gltf/MaterialInstances/MI_Sheen_Mask.uasset" 717
"../../../Engine/Plugins/Interchange/Assets/Content/gltf/MaterialInstances/MI_Sheen_Mask.uexp" 718
"../../../Engine/Plugins/Interchange/Assets/Content/gltf/MaterialInstances/MI_Sheen_Blend_DS.uasset" 719
"../../../Engine/Plugins/Interchange/Assets/Content/gltf/MaterialInstances/MI_Sheen_Blend_DS.uexp" 720
"../../../Engine/Plugins/Interchange/Assets/Content/gltf/MaterialInstances/MI_Sheen_Blend.uasset" 721
"../../../Engine/Plugins/Interchange/Assets/Content/gltf/MaterialInstances/MI_Sheen_Blend.uexp" 722
"../../../Engine/Plugins/Interchange/Assets/Content/gltf/MaterialBodies/MF_Default_Body.uasset" 723
"../../../Engine/Plugins/Interchange/Assets/Content/gltf/MaterialBodies/MF_Default_Body.uexp" 724
"../../../Engine/Plugins/Interchange/Assets/Content/gltf/M_Default.uasset" 725
"../../../Engine/Plugins/Interchange/Assets/Content/gltf/M_Default.uexp" 726
"../../../Engine/Plugins/Interchange/Assets/Content/gltf/MaterialInstances/MI_Default_Opaque_DS.uasset" 727
"../../../Engine/Plugins/Interchange/Assets/Content/gltf/MaterialInstances/MI_Default_Opaque_DS.uexp" 728
"../../../Engine/Plugins/Interchange/Assets/Content/gltf/MaterialInstances/MI_Default_Opaque.uasset" 729
"../../../Engine/Plugins/Interchange/Assets/Content/gltf/MaterialInstances/MI_Default_Opaque.uexp" 730
"../../../Engine/Plugins/Interchange/Assets/Content/gltf/MaterialInstances/MI_Default_Mask_DS.uasset" 731
"../../../Engine/Plugins/Interchange/Assets/Content/gltf/MaterialInstances/MI_Default_Mask_DS.uexp" 732
"../../../Engine/Plugins/Interchange/Assets/Content/gltf/MaterialInstances/MI_Default_Mask.uasset" 733
"../../../Engine/Plugins/Interchange/Assets/Content/gltf/MaterialInstances/MI_Default_Mask.uexp" 734
"../../../Engine/Plugins/Interchange/Assets/Content/gltf/MaterialInstances/MI_Default_Blend_DS.uasset" 735
"../../../Engine/Plugins/Interchange/Assets/Content/gltf/MaterialInstances/MI_Default_Blend_DS.uexp" 736
"../../../Engine/Plugins/Interchange/Assets/Content/gltf/MaterialInstances/MI_Default_Blend.uasset" 737
"../../../Engine/Plugins/Interchange/Assets/Content/gltf/MaterialInstances/MI_Default_Blend.uexp" 738
"../../../Engine/Content/Functions/Engine_MaterialFunctions01/Texturing/FlattenNormal.uasset" 739
"../../../Engine/Content/Functions/Engine_MaterialFunctions01/Texturing/FlattenNormal.uexp" 740
"../../../Engine/Plugins/Interchange/Assets/Content/gltf/MaterialFunctions/MF_Clearcoat.uasset" 741
"../../../Engine/Plugins/Interchange/Assets/Content/gltf/MaterialFunctions/MF_Clearcoat.uexp" 742
"../../../Engine/Plugins/Interchange/Assets/Content/gltf/MaterialBodies/MF_ClearCoat_Body.uasset" 743
"../../../Engine/Plugins/Interchange/Assets/Content/gltf/MaterialBodies/MF_ClearCoat_Body.uexp" 744
"../../../Engine/Plugins/Interchange/Assets/Content/gltf/M_ClearCoat.uasset" 745
"../../../Engine/Plugins/Interchange/Assets/Content/gltf/M_ClearCoat.uexp" 746
"../../../Engine/Plugins/Interchange/Assets/Content/gltf/MaterialInstances/MI_ClearCoat_Opaque_DS.uasset" 747
"../../../Engine/Plugins/Interchange/Assets/Content/gltf/MaterialInstances/MI_ClearCoat_Opaque_DS.uexp" 748
"../../../Engine/Plugins/Interchange/Assets/Content/gltf/MaterialInstances/MI_ClearCoat_Opaque.uasset" 749
"../../../Engine/Plugins/Interchange/Assets/Content/gltf/MaterialInstances/MI_ClearCoat_Opaque.uexp" 750
"../../../Engine/Plugins/Interchange/Assets/Content/gltf/MaterialInstances/MI_ClearCoat_Mask_DS.uasset" 751
"../../../Engine/Plugins/Interchange/Assets/Content/gltf/MaterialInstances/MI_ClearCoat_Mask_DS.uexp" 752
"../../../Engine/Plugins/Interchange/Assets/Content/gltf/MaterialInstances/MI_ClearCoat_Mask.uasset" 753
"../../../Engine/Plugins/Interchange/Assets/Content/gltf/MaterialInstances/MI_ClearCoat_Mask.uexp" 754
"../../../Engine/Plugins/Interchange/Assets/Content/gltf/MaterialInstances/MI_ClearCoat_Blend_DS.uasset" 755
"../../../Engine/Plugins/Interchange/Assets/Content/gltf/MaterialInstances/MI_ClearCoat_Blend_DS.uexp" 756
"../../../Engine/Plugins/Interchange/Assets/Content/gltf/MaterialInstances/MI_ClearCoat_Blend.uasset" 757
"../../../Engine/Plugins/Interchange/Assets/Content/gltf/MaterialInstances/MI_ClearCoat_Blend.uexp" 758
"../../../Engine/Content/VREditor/TransformGizmo/Main.uasset" 759
"../../../Engine/Content/VREditor/TransformGizmo/Main.uexp" 760
"../../../Engine/Content/VREditor/TransformGizmo/Xray.uasset" 761
"../../../Engine/Content/VREditor/TransformGizmo/Xray.uexp" 762
"../../../Engine/Content/VREditor/TransformGizmo/SM_Sequencer_Node.ubulk" 763
"../../../Engine/Content/VREditor/TransformGizmo/SM_Sequencer_Node.uasset" 764
"../../../Engine/Content/VREditor/TransformGizmo/SM_Sequencer_Node.uexp" 765
"../../../Engine/Content/VREditor/LaserPointer/VR_LaserPower_01.ubulk" 766
"../../../Engine/Content/VREditor/LaserPointer/VR_LaserPower_01.uasset" 767
"../../../Engine/Content/VREditor/LaserPointer/VR_LaserPower_01.uexp" 768
"../../../Engine/Content/VREditor/TransformGizmo/TransformGizmoMaterial.uasset" 769
"../../../Engine/Content/VREditor/TransformGizmo/TransformGizmoMaterial.uexp" 770
"../../../Engine/Content/VREditor/TransformGizmo/TranslucentTransformGizmoMaterial.uasset" 771
"../../../Engine/Content/VREditor/TransformGizmo/TranslucentTransformGizmoMaterial.uexp" 772
"../../../Engine/Content/VREditor/TransformGizmo/BoundingBoxEdge.ubulk" 773
"../../../Engine/Content/VREditor/TransformGizmo/BoundingBoxEdge.uasset" 774
"../../../Engine/Content/VREditor/TransformGizmo/BoundingBoxEdge.uexp" 775
"../../../Engine/Content/VREditor/TransformGizmo/BoundingBoxCorner.ubulk" 776
"../../../Engine/Content/VREditor/TransformGizmo/BoundingBoxCorner.uasset" 777
"../../../Engine/Content/VREditor/TransformGizmo/BoundingBoxCorner.uexp" 778
"../../../Engine/Content/EngineSky/VolumetricClouds/T_CloudMask.ubulk" 779
"../../../Engine/Content/EngineSky/VolumetricClouds/T_CloudMask.uasset" 780
"../../../Engine/Content/EngineSky/VolumetricClouds/T_CloudMask.uexp" 781
"../../../Engine/Content/EngineSky/VolumetricClouds/VT_Lightning.uasset" 782
"../../../Engine/Content/EngineSky/VolumetricClouds/VT_Lightning.uexp" 783
"../../../Engine/Content/EngineSky/VolumetricClouds/T_Profile_08.ubulk" 784
"../../../Engine/Content/EngineSky/VolumetricClouds/T_Profile_08.uasset" 785
"../../../Engine/Content/EngineSky/VolumetricClouds/T_Profile_08.uexp" 786
"../../../Engine/Content/Functions/Engine_MaterialFunctions02/Utility/MakeFloat4.uasset" 787
"../../../Engine/Content/Functions/Engine_MaterialFunctions02/Utility/MakeFloat4.uexp" 788
"../../../Engine/Content/Functions/Engine_MaterialFunctions01/Units/Km-to-Cm.uasset" 789
"../../../Engine/Content/Functions/Engine_MaterialFunctions01/Units/Km-to-Cm.uexp" 790
"../../../Engine/Content/Functions/Engine_MaterialFunctions02/Utility/BreakOutFloat4Components.uasset" 791
"../../../Engine/Content/Functions/Engine_MaterialFunctions02/Utility/BreakOutFloat4Components.uexp" 792
"../../../Engine/Content/EngineSky/VolumetricClouds/T_CloudPattern.ubulk" 793
"../../../Engine/Content/EngineSky/VolumetricClouds/T_CloudPattern.uasset" 794
"../../../Engine/Content/EngineSky/VolumetricClouds/T_CloudPattern.uexp" 795
"../../../Engine/Content/EngineSky/VolumetricClouds/VT_PerlinWorley_Balanced.uasset" 796
"../../../Engine/Content/EngineSky/VolumetricClouds/VT_PerlinWorley_Balanced.uexp" 797
"../../../Engine/Content/EngineSky/VolumetricClouds/m_SimpleVolumetricCloud.uasset" 798
"../../../Engine/Content/EngineSky/VolumetricClouds/m_SimpleVolumetricCloud.uexp" 799
"../../../Engine/Content/EngineSky/VolumetricClouds/m_SimpleVolumetricCloud_Inst.uasset" 800
"../../../Engine/Content/EngineSky/VolumetricClouds/m_SimpleVolumetricCloud_Inst.uexp" 801
"../../../Engine/Content/EngineResources/FilmGrains/Marcie_Grain_v3_128_M2_000.uasset" 802
"../../../Engine/Content/EngineResources/FilmGrains/Marcie_Grain_v3_128_M2_000.uexp" 803
"../../../Engine/Content/EngineMaterials/LTC/Sheen_LTC.uasset" 804
"../../../Engine/Content/EngineMaterials/LTC/Sheen_LTC.uexp" 805
"../../../Engine/Content/EngineMaterials/LTC/GGX_LTCMat.uasset" 806
"../../../Engine/Content/EngineMaterials/LTC/GGX_LTCMat.uexp" 807
"../../../Engine/Content/EngineMaterials/LTC/GGX_LTCAmp.uasset" 808
"../../../Engine/Content/EngineMaterials/LTC/GGX_LTCAmp.uexp" 809
"../../../Engine/Content/EngineMaterials/EnergyConservation/Sheen_Energy.uasset" 810
"../../../Engine/Content/EngineMaterials/EnergyConservation/Sheen_Energy.uexp" 811
"../../../Engine/Content/EngineMaterials/EnergyConservation/SheenLegacy_Energy.uasset" 812
"../../../Engine/Content/EngineMaterials/EnergyConservation/SheenLegacy_Energy.uexp" 813
"../../../Engine/Content/EngineMaterials/EnergyConservation/GGX_TransmissionEnergyArray.uasset" 814
"../../../Engine/Content/EngineMaterials/EnergyConservation/GGX_TransmissionEnergyArray.uexp" 815
"../../../Engine/Content/EngineMaterials/EnergyConservation/GGX_ReflectionEnergy.uasset" 816
"../../../Engine/Content/EngineMaterials/EnergyConservation/GGX_ReflectionEnergy.uexp" 817
"../../../Engine/Content/EngineMaterials/EnergyConservation/Diffuse_Energy.uasset" 818
"../../../Engine/Content/EngineMaterials/EnergyConservation/Diffuse_Energy.uexp" 819
"../../../Engine/Content/EditorResources/SequenceRecorder/RecordingIndicator.uasset" 820
"../../../Engine/Content/EditorResources/SequenceRecorder/RecordingIndicator.uexp" 821
"../../../Engine/Content/EditorResources/SequenceRecorder/Countdown.uasset" 822
"../../../Engine/Content/EditorResources/SequenceRecorder/Countdown.uexp" 823
"../../../Engine/Content/EditorMaterials/Camera/CineMat.uasset" 824
"../../../Engine/Content/EditorMaterials/Camera/CineMat.uexp" 825
"../../../Engine/Content/EditorMaterials/Camera/MI_CineMat_Rig.uasset" 826
"../../../Engine/Content/EditorMaterials/Camera/MI_CineMat_Rig.uexp" 827
"../../../Engine/Content/EditorMeshes/Camera/SM_RailRig_Track.ubulk" 828
"../../../Engine/Content/EditorMeshes/Camera/SM_RailRig_Track.uasset" 829
"../../../Engine/Content/EditorMeshes/Camera/SM_RailRig_Track.uexp" 830
"../../../Engine/Content/EditorMeshes/Camera/SM_RailRig_Mount.ubulk" 831
"../../../Engine/Content/EditorMeshes/Camera/SM_RailRig_Mount.uasset" 832
"../../../Engine/Content/EditorMeshes/Camera/SM_RailRig_Mount.uexp" 833
"../../../Engine/Content/EditorMeshes/Camera/SM_CraneRig_Mount.ubulk" 834
"../../../Engine/Content/EditorMeshes/Camera/SM_CraneRig_Mount.uasset" 835
"../../../Engine/Content/EditorMeshes/Camera/SM_CraneRig_Mount.uexp" 836
"../../../Engine/Content/EditorMeshes/Camera/SM_CraneRig_Body.ubulk" 837
"../../../Engine/Content/EditorMeshes/Camera/SM_CraneRig_Body.uasset" 838
"../../../Engine/Content/EditorMeshes/Camera/SM_CraneRig_Body.uexp" 839
"../../../Engine/Content/EditorMeshes/Camera/SM_CraneRig_Base.ubulk" 840
"../../../Engine/Content/EditorMeshes/Camera/SM_CraneRig_Base.uasset" 841
"../../../Engine/Content/EditorMeshes/Camera/SM_CraneRig_Base.uexp" 842
"../../../Engine/Content/EditorMeshes/Camera/SM_CraneRig_Arm.ubulk" 843
"../../../Engine/Content/EditorMeshes/Camera/SM_CraneRig_Arm.uasset" 844
"../../../Engine/Content/EditorMeshes/Camera/SM_CraneRig_Arm.uexp" 845
"../../../Engine/Content/EditorMaterials/ParticleSystems/PSysThumbnail_OOD.ubulk" 846
"../../../Engine/Content/EditorMaterials/ParticleSystems/PSysThumbnail_OOD.uasset" 847
"../../../Engine/Content/EditorMaterials/ParticleSystems/PSysThumbnail_OOD.uexp" 848
"../../../Engine/Content/EditorMaterials/ParticleSystems/PSysThumbnail_NoImage.ubulk" 849
"../../../Engine/Content/EditorMaterials/ParticleSystems/PSysThumbnail_NoImage.uasset" 850
"../../../Engine/Content/EditorMaterials/ParticleSystems/PSysThumbnail_NoImage.uexp" 851
"../../../Engine/Content/EditorMaterials/Dataflow/DataflowVertexMaterial.uasset" 852
"../../../Engine/Content/EditorMaterials/Dataflow/DataflowVertexMaterial.uexp" 853
"../../../Engine/Content/EditorMaterials/Dataflow/DataflowTwoSidedVertexMaterial.uasset" 854
"../../../Engine/Content/EditorMaterials/Dataflow/DataflowTwoSidedVertexMaterial.uexp" 855
"../../../Engine/Content/Functions/Engine_MaterialFunctions01/Shading/PowerToRoughness.uasset" 856
"../../../Engine/Content/Functions/Engine_MaterialFunctions01/Shading/PowerToRoughness.uexp" 857
"../../../Engine/Content/Functions/Engine_MaterialFunctions01/Shading/ConvertFromDiffSpec.uasset" 858
"../../../Engine/Content/Functions/Engine_MaterialFunctions01/Shading/ConvertFromDiffSpec.uexp" 859
"../../../Engine/Content/EngineMaterials/Substrate/Volume/SubstrateSimpleVolumeLUT3D.uasset" 860
"../../../Engine/Content/EngineMaterials/Substrate/Volume/SubstrateSimpleVolumeLUT3D.uexp" 861
"../../../Engine/Content/EngineMaterials/Substrate/Volume/SubstrateSimpleVolumeEnvLUT3D.uasset" 862
"../../../Engine/Content/EngineMaterials/Substrate/Volume/SubstrateSimpleVolumeEnvLUT3D.uexp" 863
"../../../Engine/Content/EngineMaterials/Substrate/GLints2/AGlintTex2dArray2.uasset" 864
"../../../Engine/Content/EngineMaterials/Substrate/GLints2/AGlintTex2dArray2.uexp" 865
"../../../Engine/Content/EngineMaterials/Substrate/GLints/AGlintTex2dArray.uasset" 866
"../../../Engine/Content/EngineMaterials/Substrate/GLints/AGlintTex2dArray.uexp" 867
"../../../Engine/Content/ArtTools/RenderToTexture/Meshes/S_1_Unit_Plane.ubulk" 868
"../../../Engine/Content/ArtTools/RenderToTexture/Meshes/S_1_Unit_Plane.uasset" 869
"../../../Engine/Content/ArtTools/RenderToTexture/Meshes/S_1_Unit_Plane.uexp" 870
"../../../Engine/Plugins/NNE/NNEDenoiser/Content/NNE_oidn2-3-0_rt_hdr_calb_cnrm_large__dyn__fp16_opset11_ForwardAlpha.uasset" 871
"../../../Engine/Plugins/NNE/NNEDenoiser/Content/NNE_oidn2-3-0_rt_hdr_calb_cnrm_large__dyn__fp16_opset11_ForwardAlpha.uexp" 872
"../../../Engine/Plugins/NNE/NNEDenoiser/Content/NNE_oidn2-3-0_rt_hdr_calb_cnrm_large__dyn__fp16_opset11_DenoiseAlpha.uasset" 873
"../../../Engine/Plugins/NNE/NNEDenoiser/Content/NNE_oidn2-3-0_rt_hdr_calb_cnrm_large__dyn__fp16_opset11_DenoiseAlpha.uexp" 874
"../../../Engine/Plugins/NNE/NNEDenoiser/Content/NNE_oidn2-3-0_rt_hdr_alb_nrm__dyn__fp16_opset11_ForwardAlpha.uasset" 875
"../../../Engine/Plugins/NNE/NNEDenoiser/Content/NNE_oidn2-3-0_rt_hdr_alb_nrm__dyn__fp16_opset11_ForwardAlpha.uexp" 876
"../../../Engine/Plugins/NNE/NNEDenoiser/Content/NNE_oidn2-3-0_rt_hdr_alb_nrm__dyn__fp16_opset11_DenoiseAlpha.uasset" 877
"../../../Engine/Plugins/NNE/NNEDenoiser/Content/NNE_oidn2-3-0_rt_hdr_alb_nrm__dyn__fp16_opset11_DenoiseAlpha.uexp" 878
"../../../Engine/Plugins/NNE/NNEDenoiser/Content/NNE_oidn2-3-0_rt_hdr_alb_nrm_small__dyn__fp16_opset11_ForwardAlpha.uasset" 879
"../../../Engine/Plugins/NNE/NNEDenoiser/Content/NNE_oidn2-3-0_rt_hdr_alb_nrm_small__dyn__fp16_opset11_ForwardAlpha.uexp" 880
"../../../Engine/Plugins/NNE/NNEDenoiser/Content/NNE_oidn2-3-0_rt_hdr_alb_nrm_small__dyn__fp16_opset11_DenoiseAlpha.uasset" 881
"../../../Engine/Plugins/NNE/NNEDenoiser/Content/NNE_oidn2-3-0_rt_hdr_alb_nrm_small__dyn__fp16_opset11_DenoiseAlpha.uexp" 882
"../../../Engine/Plugins/NNE/NNEDenoiser/Content/NNED_Oidn2-3_HighQuality_Alpha.uasset" 883
"../../../Engine/Plugins/NNE/NNEDenoiser/Content/NNED_Oidn2-3_HighQuality_Alpha.uexp" 884
"../../../Engine/Plugins/NNE/NNEDenoiser/Content/NNED_Oidn2-3_HighQuality.uasset" 885
"../../../Engine/Plugins/NNE/NNEDenoiser/Content/NNED_Oidn2-3_HighQuality.uexp" 886
"../../../Engine/Plugins/NNE/NNEDenoiser/Content/NNED_Oidn2-3_Fast_Alpha.uasset" 887
"../../../Engine/Plugins/NNE/NNEDenoiser/Content/NNED_Oidn2-3_Fast_Alpha.uexp" 888
"../../../Engine/Plugins/NNE/NNEDenoiser/Content/NNED_Oidn2-3_Fast.uasset" 889
"../../../Engine/Plugins/NNE/NNEDenoiser/Content/NNED_Oidn2-3_Fast.uexp" 890
"../../../Engine/Plugins/NNE/NNEDenoiser/Content/NNED_Oidn2-3_Balanced_Alpha.uasset" 891
"../../../Engine/Plugins/NNE/NNEDenoiser/Content/NNED_Oidn2-3_Balanced_Alpha.uexp" 892
"../../../Engine/Plugins/NNE/NNEDenoiser/Content/NNED_Oidn2-3_Balanced.uasset" 893
"../../../Engine/Plugins/NNE/NNEDenoiser/Content/NNED_Oidn2-3_Balanced.uexp" 894
"../../../Engine/Plugins/NNE/NNEDenoiser/Content/NNEDT_Oidn2-3_Balanced_Alpha.uasset" 895
"../../../Engine/Plugins/NNE/NNEDenoiser/Content/NNEDT_Oidn2-3_Balanced_Alpha.uexp" 896
"../../../Engine/Plugins/NNE/NNEDenoiser/Content/NNEDT_Oidn2-3_Balanced.uasset" 897
"../../../Engine/Plugins/NNE/NNEDenoiser/Content/NNEDT_Oidn2-3_Balanced.uexp" 898
"../../../Engine/Plugins/Animation/DeformerGraph/Content/Deformers/DG_LinearBlendSkin_Morph_Cloth_RecomputeNormals.uasset" 899
"../../../Engine/Plugins/Animation/DeformerGraph/Content/Deformers/DG_LinearBlendSkin_Morph_Cloth_RecomputeNormals.uexp" 900
"../../../Engine/Plugins/Animation/DeformerGraph/Content/Deformers/DG_LinearBlendSkin_Morph_Cloth.uasset" 901
"../../../Engine/Plugins/Animation/DeformerGraph/Content/Deformers/DG_LinearBlendSkin_Morph_Cloth.uexp" 902
"../../../Engine/Plugins/Animation/DeformerGraph/Content/DeformerFunctions/DG_Function_LinearBlendSkin_Morph_Cloth_PositionOnly.uasset" 903
"../../../Engine/Plugins/Animation/DeformerGraph/Content/DeformerFunctions/DG_Function_LinearBlendSkin_Morph_Cloth_PositionOnly.uexp" 904
"../../../Engine/Plugins/Animation/DeformerGraph/Content/DeformerFunctions/DG_Function_LinearBlendSkin_Morph_Cloth.uasset" 905
"../../../Engine/Plugins/Animation/DeformerGraph/Content/DeformerFunctions/DG_Function_LinearBlendSkin_Morph_Cloth.uexp" 906
"../../../Engine/Plugins/Animation/DeformerGraph/Content/DeformerFunctions/DG_Function_ComputeNormalsTangents.uasset" 907
"../../../Engine/Plugins/Animation/DeformerGraph/Content/DeformerFunctions/DG_Function_ComputeNormalsTangents.uexp" 908
"../../../Engine/Content/VREditor/TransformGizmo/StartRotationHandleIndicator.ubulk" 909
"../../../Engine/Content/VREditor/TransformGizmo/StartRotationHandleIndicator.uasset" 910
"../../../Engine/Content/VREditor/TransformGizmo/StartRotationHandleIndicator.uexp" 911
"../../../Engine/Content/VREditor/Sounds/UI/Drop_Item_From_ContentBrowser.ubulk" 912
"../../../Engine/Content/VREditor/Sounds/UI/Drop_Item_From_ContentBrowser.uasset" 913
"../../../Engine/Content/VREditor/Sounds/UI/Drop_Item_From_ContentBrowser.uexp" 914
"../../../Engine/Content/VREditor/TransformGizmo/PlaneTranslationHandle.ubulk" 915
"../../../Engine/Content/VREditor/TransformGizmo/PlaneTranslationHandle.uasset" 916
"../../../Engine/Content/VREditor/TransformGizmo/PlaneTranslationHandle.uexp" 917
"../../../Engine/Content/VREditor/Sounds/UI/Object_Snaps_To_Grid.ubulk" 918
"../../../Engine/Content/VREditor/Sounds/UI/Object_Snaps_To_Grid.uasset" 919
"../../../Engine/Content/VREditor/Sounds/UI/Object_Snaps_To_Grid.uexp" 920
"../../../Engine/Content/VREditor/Sounds/UI/Selection_Changes.ubulk" 921
"../../../Engine/Content/VREditor/Sounds/UI/Selection_Changes.uasset" 922
"../../../Engine/Content/VREditor/Sounds/UI/Selection_Changes.uexp" 923
"../../../Engine/Content/VREditor/Sounds/UI/Object_Snaps_To_Another_Actor.ubulk" 924
"../../../Engine/Content/VREditor/Sounds/UI/Object_Snaps_To_Another_Actor.uasset" 925
"../../../Engine/Content/VREditor/Sounds/UI/Object_Snaps_To_Another_Actor.uexp" 926
"../../../Engine/Content/VREditor/TransformGizmo/TranslucentTransformGizmoMaterial_Inst.uasset" 927
"../../../Engine/Content/VREditor/TransformGizmo/TranslucentTransformGizmoMaterial_Inst.uexp" 928
"../../../Engine/Content/VREditor/TransformGizmo/TransformGizmoFreeRotation.ubulk" 929
"../../../Engine/Content/VREditor/TransformGizmo/TransformGizmoFreeRotation.uasset" 930
"../../../Engine/Content/VREditor/TransformGizmo/TransformGizmoFreeRotation.uexp" 931
"../../../Engine/Content/VREditor/Sounds/UI/Scaling_Down.ubulk" 932
"../../../Engine/Content/VREditor/Sounds/UI/Scaling_Down.uasset" 933
"../../../Engine/Content/VREditor/Sounds/UI/Scaling_Down.uexp" 934
"../../../Engine/Content/Functions/Engine_MaterialFunctions02/SplitComponents.uasset" 935
"../../../Engine/Content/Functions/Engine_MaterialFunctions02/SplitComponents.uexp" 936
"../../../Engine/Content/VREditor/SnapGrid/SnapGridMaterial.uasset" 937
"../../../Engine/Content/VREditor/SnapGrid/SnapGridMaterial.uexp" 938
"../../../Engine/Content/VREditor/SnapGrid/SnapGridPlaneMesh.ubulk" 939
"../../../Engine/Content/VREditor/SnapGrid/SnapGridPlaneMesh.uasset" 940
"../../../Engine/Content/VREditor/SnapGrid/SnapGridPlaneMesh.uexp" 941
"../../../Engine/Content/VREditor/Sounds/UI/Scaling_Up.ubulk" 942
"../../../Engine/Content/VREditor/Sounds/UI/Scaling_Up.uasset" 943
"../../../Engine/Content/VREditor/Sounds/UI/Scaling_Up.uexp" 944
"../../../Engine/Content/VREditor/TransformGizmo/TransformGizmoMaterial_Inst.uasset" 945
"../../../Engine/Content/VREditor/TransformGizmo/TransformGizmoMaterial_Inst.uexp" 946
"../../../Engine/Content/VREditor/Sounds/UI/Gizmo_Handle_Clicked.ubulk" 947
"../../../Engine/Content/VREditor/Sounds/UI/Gizmo_Handle_Clicked.uasset" 948
"../../../Engine/Content/VREditor/Sounds/UI/Gizmo_Handle_Clicked.uexp" 949
"../../../Engine/Content/VREditor/TransformGizmo/RotationHandleQuarter.ubulk" 950
"../../../Engine/Content/VREditor/TransformGizmo/RotationHandleQuarter.uasset" 951
"../../../Engine/Content/VREditor/TransformGizmo/RotationHandleQuarter.uexp" 952
"../../../Engine/Content/VREditor/TransformGizmo/TranslateArrowHandle.ubulk" 953
"../../../Engine/Content/VREditor/TransformGizmo/TranslateArrowHandle.uasset" 954
"../../../Engine/Content/VREditor/TransformGizmo/TranslateArrowHandle.uexp" 955
"../../../Engine/Content/VREditor/TransformGizmo/RotationHandleIndicator.ubulk" 956
"../../../Engine/Content/VREditor/TransformGizmo/RotationHandleIndicator.uasset" 957
"../../../Engine/Content/VREditor/TransformGizmo/RotationHandleIndicator.uexp" 958
"../../../Engine/Content/VREditor/TransformGizmo/UniformScaleHandle.ubulk" 959
"../../../Engine/Content/VREditor/TransformGizmo/UniformScaleHandle.uasset" 960
"../../../Engine/Content/VREditor/TransformGizmo/UniformScaleHandle.uexp" 961
"../../../Engine/Content/VREditor/TransformGizmo/RotationHandleFull.ubulk" 962
"../../../Engine/Content/VREditor/TransformGizmo/RotationHandleFull.uasset" 963
"../../../Engine/Content/VREditor/TransformGizmo/RotationHandleFull.uexp" 964
"../../../Engine/Content/VREditor/Sounds/UI/Object_PickUp.ubulk" 965
"../../../Engine/Content/VREditor/Sounds/UI/Object_PickUp.uasset" 966
"../../../Engine/Content/VREditor/Sounds/UI/Object_PickUp.uexp" 967
"../../../Engine/Content/EngineResources/LandscapeVisibilityLayerInfo.uasset" 968
"../../../Engine/Content/EngineResources/LandscapeVisibilityLayerInfo.uexp" 969
"../../../Engine/Content/BasicShapes/Cube.ubulk" 970
"../../../Engine/Content/BasicShapes/Cube.uasset" 971
"../../../Engine/Content/BasicShapes/Cube.uexp" 972
"C:/Users/Thomas/Documents/GitHub/LL-Arcade-Game/UE Project/FantasyCombat/Content/Models/Environment/campfire.ubulk" 973
"C:/Users/Thomas/Documents/GitHub/LL-Arcade-Game/UE Project/FantasyCombat/Content/Models/Environment/campfire.uasset" 974
"C:/Users/Thomas/Documents/GitHub/LL-Arcade-Game/UE Project/FantasyCombat/Content/Models/Environment/campfire.uexp" 975
"C:/Users/Thomas/Documents/GitHub/LL-Arcade-Game/UE Project/FantasyCombat/Content/Models/Environment/Rock_big.ubulk" 976
"C:/Users/Thomas/Documents/GitHub/LL-Arcade-Game/UE Project/FantasyCombat/Content/Models/Environment/Rock_big.uasset" 977
"C:/Users/Thomas/Documents/GitHub/LL-Arcade-Game/UE Project/FantasyCombat/Content/Models/Environment/Rock_big.uexp" 978
"C:/Users/Thomas/Documents/GitHub/LL-Arcade-Game/UE Project/FantasyCombat/Content/CollisionBox.uasset" 979
"C:/Users/Thomas/Documents/GitHub/LL-Arcade-Game/UE Project/FantasyCombat/Content/CollisionBox.uexp" 980
"C:/Users/Thomas/Documents/GitHub/LL-Arcade-Game/UE Project/FantasyCombat/Content/Levels/_GENERATED/Thomas/Box_BA0563DF.ubulk" 981
"C:/Users/Thomas/Documents/GitHub/LL-Arcade-Game/UE Project/FantasyCombat/Content/Levels/_GENERATED/Thomas/Box_BA0563DF.uasset" 982
"C:/Users/Thomas/Documents/GitHub/LL-Arcade-Game/UE Project/FantasyCombat/Content/Levels/_GENERATED/Thomas/Box_BA0563DF.uexp" 983
"../../../Engine/Plugins/Interchange/Assets/Content/Functions/MF_PhongToMetalRoughness.uasset" 984
"../../../Engine/Plugins/Interchange/Assets/Content/Functions/MF_PhongToMetalRoughness.uexp" 985
"C:/Users/Thomas/Documents/GitHub/LL-Arcade-Game/UE Project/FantasyCombat/Content/Models/Slime/M_Slime.uasset" 986
"C:/Users/Thomas/Documents/GitHub/LL-Arcade-Game/UE Project/FantasyCombat/Content/Models/Slime/M_Slime.uexp" 987
"C:/Users/Thomas/Documents/GitHub/LL-Arcade-Game/UE Project/FantasyCombat/Content/Structures/S_DamageStruct.uasset" 988
"C:/Users/Thomas/Documents/GitHub/LL-Arcade-Game/UE Project/FantasyCombat/Content/Structures/S_DamageStruct.uexp" 989
"C:/Users/Thomas/Documents/GitHub/LL-Arcade-Game/UE Project/FantasyCombat/Content/Interfaces/BPI_DamageInterface.uasset" 990
"C:/Users/Thomas/Documents/GitHub/LL-Arcade-Game/UE Project/FantasyCombat/Content/Interfaces/BPI_DamageInterface.uexp" 991
"C:/Users/Thomas/Documents/GitHub/LL-Arcade-Game/UE Project/FantasyCombat/Content/Models/BasicMaterials/M_SolidColor.uasset" 992
"C:/Users/Thomas/Documents/GitHub/LL-Arcade-Game/UE Project/FantasyCombat/Content/Models/BasicMaterials/M_SolidColor.uexp" 993
"C:/Users/Thomas/Documents/GitHub/LL-Arcade-Game/UE Project/FantasyCombat/Content/Models/BasicMaterials/MI_Blue.uasset" 994
"C:/Users/Thomas/Documents/GitHub/LL-Arcade-Game/UE Project/FantasyCombat/Content/Models/BasicMaterials/MI_Blue.uexp" 995
"C:/Users/Thomas/Documents/GitHub/LL-Arcade-Game/UE Project/FantasyCombat/Content/Interfaces/BPI_PlayerInterface.uasset" 996
"C:/Users/Thomas/Documents/GitHub/LL-Arcade-Game/UE Project/FantasyCombat/Content/Interfaces/BPI_PlayerInterface.uexp" 997
"C:/Users/Thomas/Documents/GitHub/LL-Arcade-Game/UE Project/FantasyCombat/Content/Collectable/BP_ExperienceOrb.uasset" 998
"C:/Users/Thomas/Documents/GitHub/LL-Arcade-Game/UE Project/FantasyCombat/Content/Collectable/BP_ExperienceOrb.uexp" 999
"C:/Users/Thomas/Documents/GitHub/LL-Arcade-Game/UE Project/FantasyCombat/Content/Enemies/Slime/BB_Slime.uasset" 1000
"C:/Users/Thomas/Documents/GitHub/LL-Arcade-Game/UE Project/FantasyCombat/Content/Enemies/Slime/BB_Slime.uexp" 1001
"C:/Users/Thomas/Documents/GitHub/LL-Arcade-Game/UE Project/FantasyCombat/Content/Enemies/Slime/BT_Slime.uasset" 1002
"C:/Users/Thomas/Documents/GitHub/LL-Arcade-Game/UE Project/FantasyCombat/Content/Enemies/Slime/BT_Slime.uexp" 1003
"C:/Users/Thomas/Documents/GitHub/LL-Arcade-Game/UE Project/FantasyCombat/Content/Enemies/Slime/BP_SlimeController.uasset" 1004
"C:/Users/Thomas/Documents/GitHub/LL-Arcade-Game/UE Project/FantasyCombat/Content/Enemies/Slime/BP_SlimeController.uexp" 1005
"C:/Users/Thomas/Documents/GitHub/LL-Arcade-Game/UE Project/FantasyCombat/Content/Models/Slime/SM_Slime.ubulk" 1006
"C:/Users/Thomas/Documents/GitHub/LL-Arcade-Game/UE Project/FantasyCombat/Content/Models/Slime/SM_Slime.uasset" 1007
"C:/Users/Thomas/Documents/GitHub/LL-Arcade-Game/UE Project/FantasyCombat/Content/Models/Slime/SM_Slime.uexp" 1008
"C:/Users/Thomas/Documents/GitHub/LL-Arcade-Game/UE Project/FantasyCombat/Content/Enemies/Slime/BP_BasicEnemy.uasset" 1009
"C:/Users/Thomas/Documents/GitHub/LL-Arcade-Game/UE Project/FantasyCombat/Content/Enemies/Slime/BP_BasicEnemy.uexp" 1010
"C:/Users/Thomas/Documents/GitHub/LL-Arcade-Game/UE Project/FantasyCombat/Content/Models/Environment/rock_small.ubulk" 1011
"C:/Users/Thomas/Documents/GitHub/LL-Arcade-Game/UE Project/FantasyCombat/Content/Models/Environment/rock_small.uasset" 1012
"C:/Users/Thomas/Documents/GitHub/LL-Arcade-Game/UE Project/FantasyCombat/Content/Models/Environment/rock_small.uexp" 1013
"C:/Users/Thomas/Documents/GitHub/LL-Arcade-Game/UE Project/FantasyCombat/Content/Models/Environment/plant.ubulk" 1014
"C:/Users/Thomas/Documents/GitHub/LL-Arcade-Game/UE Project/FantasyCombat/Content/Models/Environment/plant.uasset" 1015
"C:/Users/Thomas/Documents/GitHub/LL-Arcade-Game/UE Project/FantasyCombat/Content/Models/Environment/plant.uexp" 1016
"C:/Users/Thomas/Documents/GitHub/LL-Arcade-Game/UE Project/FantasyCombat/Content/Models/Environment/Tree.ubulk" 1017
"C:/Users/Thomas/Documents/GitHub/LL-Arcade-Game/UE Project/FantasyCombat/Content/Models/Environment/Tree.uasset" 1018
"C:/Users/Thomas/Documents/GitHub/LL-Arcade-Game/UE Project/FantasyCombat/Content/Models/Environment/Tree.uexp" 1019
"C:/Users/Thomas/Documents/GitHub/LL-Arcade-Game/UE Project/FantasyCombat/Content/Levels/L_TestLevel.uexp" 1020
"C:/Users/Thomas/Documents/GitHub/LL-Arcade-Game/UE Project/FantasyCombat/Content/Levels/L_TestLevel.umap" 1021
"../../../Engine/Content/Maps/Entry_BuiltData.uasset" 1022
"../../../Engine/Content/Maps/Entry_BuiltData.uexp" 1023
"../../../Engine/Content/Maps/Entry.uexp" 1024
"../../../Engine/Content/Maps/Entry.umap" 1025
